\BOOKMARK [1][-]{section.1}{Introduction}{}% 1
\BOOKMARK [2][-]{subsection.1.1}{Needs}{section.1}% 2
\BOOKMARK [2][-]{subsection.1.2}{Objectives}{section.1}% 3
\BOOKMARK [1][-]{section.2}{System Overview}{}% 4
\BOOKMARK [2][-]{subsection.2.1}{System Requirements}{section.2}% 5
\BOOKMARK [3][-]{subsubsection.2.1.1}{Marketing Requirements}{subsection.2.1}% 6
\BOOKMARK [3][-]{subsubsection.2.1.2}{Requirement Specification}{subsection.2.1}% 7
\BOOKMARK [2][-]{subsection.2.2}{Concept Generation \046 Evaluation}{section.2}% 8
\BOOKMARK [3][-]{subsubsection.2.2.1}{Concept Generation Tree}{subsection.2.2}% 9
\BOOKMARK [3][-]{subsubsection.2.2.2}{Concept Blocks}{subsection.2.2}% 10
\BOOKMARK [2][-]{subsection.2.3}{System Decomposition}{section.2}% 11
\BOOKMARK [2][-]{subsection.2.4}{Developmental Plan}{section.2}% 12
\BOOKMARK [1][-]{section.3}{Subsystem Technical Descriptions}{}% 13
\BOOKMARK [2][-]{subsection.3.1}{Synthesis subsystem}{section.3}% 14
\BOOKMARK [2][-]{subsection.3.2}{LCD display subsystem}{section.3}% 15
\BOOKMARK [2][-]{subsection.3.3}{PS/2 Keyboard subsystem}{section.3}% 16
\BOOKMARK [2][-]{subsection.3.4}{Processor subsystem}{section.3}% 17
\BOOKMARK [2][-]{subsection.3.5}{SD card subsystem}{section.3}% 18
\BOOKMARK [1][-]{section.4}{Testing Methods, Results and Evaluation}{}% 19
\BOOKMARK [2][-]{subsection.4.1}{Subsystem Test Plans}{section.4}% 20
\BOOKMARK [2][-]{subsection.4.2}{Integration Plans}{section.4}% 21
\BOOKMARK [2][-]{subsection.4.3}{Integration Testing}{section.4}% 22
\BOOKMARK [2][-]{subsection.4.4}{Final Test Plans}{section.4}% 23
\BOOKMARK [1][-]{section.5}{Conclusions \046 Recommendations}{}% 24
\BOOKMARK [1][-]{section.6}{References}{}% 25
\BOOKMARK [1][-]{section*.2}{Appendices}{}% 26
\BOOKMARK [1][-]{appendix.A}{User instructions}{}% 27
\BOOKMARK [1][-]{appendix.B}{Project schedule}{}% 28
\BOOKMARK [1][-]{appendix.C}{Budget}{}% 29
\BOOKMARK [1][-]{appendix.D}{Bill of Materials}{}% 30
\BOOKMARK [1][-]{appendix.E}{Overall Hardware Schematic}{}% 31
\BOOKMARK [1][-]{appendix.F}{Large Software Diagrams}{}% 32
\BOOKMARK [1][-]{appendix.G}{Large Software Listings}{}% 33
\BOOKMARK [1][-]{appendix.H}{Calibration Instructions}{}% 34
\BOOKMARK [1][-]{appendix.I}{Datasheets}{}% 35
\BOOKMARK [1][-]{appendix.J}{Subsystem Unit Tests}{}% 36
\BOOKMARK [1][-]{appendix.K}{Testing Documentation}{}% 37
\BOOKMARK [1][-]{appendix.L}{Licenses}{}% 38
