\BOOKMARK [0][-]{chapter.1}{\376\377\000D\000a\000t\000a\000\040\000S\000t\000r\000u\000c\000t\000u\000r\000e\000\040\000I\000n\000d\000e\000x}{}% 1
\BOOKMARK [1][-]{section.1.1}{\376\377\000D\000a\000t\000a\000\040\000S\000t\000r\000u\000c\000t\000u\000r\000e\000s}{chapter.1}% 2
\BOOKMARK [0][-]{chapter.2}{\376\377\000F\000i\000l\000e\000\040\000I\000n\000d\000e\000x}{}% 3
\BOOKMARK [1][-]{section.2.1}{\376\377\000F\000i\000l\000e\000\040\000L\000i\000s\000t}{chapter.2}% 4
\BOOKMARK [0][-]{chapter.3}{\376\377\000D\000a\000t\000a\000\040\000S\000t\000r\000u\000c\000t\000u\000r\000e\000\040\000D\000o\000c\000u\000m\000e\000n\000t\000a\000t\000i\000o\000n}{}% 5
\BOOKMARK [1][-]{section.3.1}{\376\377\000D\000I\000R\000\040\000S\000t\000r\000u\000c\000t\000\040\000R\000e\000f\000e\000r\000e\000n\000c\000e}{chapter.3}% 6
\BOOKMARK [2][-]{subsection.3.1.1}{\376\377\000F\000i\000e\000l\000d\000\040\000D\000o\000c\000u\000m\000e\000n\000t\000a\000t\000i\000o\000n}{section.3.1}% 7
\BOOKMARK [3][-]{subsubsection.3.1.1.1}{\376\377\000c\000l\000u\000s\000t}{subsection.3.1.1}% 8
\BOOKMARK [3][-]{subsubsection.3.1.1.2}{\376\377\000d\000i\000r}{subsection.3.1.1}% 9
\BOOKMARK [3][-]{subsubsection.3.1.1.3}{\376\377\000f\000n}{subsection.3.1.1}% 10
\BOOKMARK [3][-]{subsubsection.3.1.1.4}{\376\377\000f\000s}{subsection.3.1.1}% 11
\BOOKMARK [3][-]{subsubsection.3.1.1.5}{\376\377\000i\000d}{subsection.3.1.1}% 12
\BOOKMARK [3][-]{subsubsection.3.1.1.6}{\376\377\000i\000n\000d\000e\000x}{subsection.3.1.1}% 13
\BOOKMARK [3][-]{subsubsection.3.1.1.7}{\376\377\000s\000c\000l\000u\000s\000t}{subsection.3.1.1}% 14
\BOOKMARK [3][-]{subsubsection.3.1.1.8}{\376\377\000s\000e\000c\000t}{subsection.3.1.1}% 15
\BOOKMARK [1][-]{section.3.2}{\376\377\000F\000A\000T\000F\000S\000\040\000S\000t\000r\000u\000c\000t\000\040\000R\000e\000f\000e\000r\000e\000n\000c\000e}{chapter.3}% 16
\BOOKMARK [2][-]{subsection.3.2.1}{\376\377\000F\000i\000e\000l\000d\000\040\000D\000o\000c\000u\000m\000e\000n\000t\000a\000t\000i\000o\000n}{section.3.2}% 17
\BOOKMARK [3][-]{subsubsection.3.2.1.1}{\376\377\000c\000s\000i\000z\000e}{subsection.3.2.1}% 18
\BOOKMARK [3][-]{subsubsection.3.2.1.2}{\376\377\000d\000a\000t\000a\000b\000a\000s\000e}{subsection.3.2.1}% 19
\BOOKMARK [3][-]{subsubsection.3.2.1.3}{\376\377\000d\000i\000r\000b\000a\000s\000e}{subsection.3.2.1}% 20
\BOOKMARK [3][-]{subsubsection.3.2.1.4}{\376\377\000d\000r\000v}{subsection.3.2.1}% 21
\BOOKMARK [3][-]{subsubsection.3.2.1.5}{\376\377\000f\000a\000t\000b\000a\000s\000e}{subsection.3.2.1}% 22
\BOOKMARK [3][-]{subsubsection.3.2.1.6}{\376\377\000f\000r\000e\000e\000\137\000c\000l\000u\000s\000t}{subsection.3.2.1}% 23
\BOOKMARK [3][-]{subsubsection.3.2.1.7}{\376\377\000f\000s\000\137\000t\000y\000p\000e}{subsection.3.2.1}% 24
\BOOKMARK [3][-]{subsubsection.3.2.1.8}{\376\377\000f\000s\000i\000\137\000f\000l\000a\000g}{subsection.3.2.1}% 25
\BOOKMARK [3][-]{subsubsection.3.2.1.9}{\376\377\000f\000s\000i\000\137\000s\000e\000c\000t\000o\000r}{subsection.3.2.1}% 26
\BOOKMARK [3][-]{subsubsection.3.2.1.10}{\376\377\000f\000s\000i\000z\000e}{subsection.3.2.1}% 27
\BOOKMARK [3][-]{subsubsection.3.2.1.11}{\376\377\000i\000d}{subsection.3.2.1}% 28
\BOOKMARK [3][-]{subsubsection.3.2.1.12}{\376\377\000l\000a\000s\000t\000\137\000c\000l\000u\000s\000t}{subsection.3.2.1}% 29
\BOOKMARK [3][-]{subsubsection.3.2.1.13}{\376\377\000n\000\137\000f\000a\000t\000e\000n\000t}{subsection.3.2.1}% 30
\BOOKMARK [3][-]{subsubsection.3.2.1.14}{\376\377\000n\000\137\000f\000a\000t\000s}{subsection.3.2.1}% 31
\BOOKMARK [3][-]{subsubsection.3.2.1.15}{\376\377\000n\000\137\000r\000o\000o\000t\000d\000i\000r}{subsection.3.2.1}% 32
\BOOKMARK [3][-]{subsubsection.3.2.1.16}{\376\377\000v\000o\000l\000b\000a\000s\000e}{subsection.3.2.1}% 33
\BOOKMARK [3][-]{subsubsection.3.2.1.17}{\376\377\000w\000f\000l\000a\000g}{subsection.3.2.1}% 34
\BOOKMARK [3][-]{subsubsection.3.2.1.18}{\376\377\000w\000i\000n}{subsection.3.2.1}% 35
\BOOKMARK [3][-]{subsubsection.3.2.1.19}{\376\377\000w\000i\000n\000s\000e\000c\000t}{subsection.3.2.1}% 36
\BOOKMARK [1][-]{section.3.3}{\376\377\000F\000I\000L\000\040\000S\000t\000r\000u\000c\000t\000\040\000R\000e\000f\000e\000r\000e\000n\000c\000e}{chapter.3}% 37
\BOOKMARK [2][-]{subsection.3.3.1}{\376\377\000F\000i\000e\000l\000d\000\040\000D\000o\000c\000u\000m\000e\000n\000t\000a\000t\000i\000o\000n}{section.3.3}% 38
\BOOKMARK [3][-]{subsubsection.3.3.1.1}{\376\377\000c\000l\000u\000s\000t}{subsection.3.3.1}% 39
\BOOKMARK [3][-]{subsubsection.3.3.1.2}{\376\377\000d\000i\000r\000\137\000p\000t\000r}{subsection.3.3.1}% 40
\BOOKMARK [3][-]{subsubsection.3.3.1.3}{\376\377\000d\000i\000r\000\137\000s\000e\000c\000t}{subsection.3.3.1}% 41
\BOOKMARK [3][-]{subsubsection.3.3.1.4}{\376\377\000d\000s\000e\000c\000t}{subsection.3.3.1}% 42
\BOOKMARK [3][-]{subsubsection.3.3.1.5}{\376\377\000f\000l\000a\000g}{subsection.3.3.1}% 43
\BOOKMARK [3][-]{subsubsection.3.3.1.6}{\376\377\000f\000p\000t\000r}{subsection.3.3.1}% 44
\BOOKMARK [3][-]{subsubsection.3.3.1.7}{\376\377\000f\000s}{subsection.3.3.1}% 45
\BOOKMARK [3][-]{subsubsection.3.3.1.8}{\376\377\000f\000s\000i\000z\000e}{subsection.3.3.1}% 46
\BOOKMARK [3][-]{subsubsection.3.3.1.9}{\376\377\000i\000d}{subsection.3.3.1}% 47
\BOOKMARK [3][-]{subsubsection.3.3.1.10}{\376\377\000p\000a\000d\0001}{subsection.3.3.1}% 48
\BOOKMARK [3][-]{subsubsection.3.3.1.11}{\376\377\000s\000c\000l\000u\000s\000t}{subsection.3.3.1}% 49
\BOOKMARK [1][-]{section.3.4}{\376\377\000F\000I\000L\000I\000N\000F\000O\000\040\000S\000t\000r\000u\000c\000t\000\040\000R\000e\000f\000e\000r\000e\000n\000c\000e}{chapter.3}% 50
\BOOKMARK [2][-]{subsection.3.4.1}{\376\377\000F\000i\000e\000l\000d\000\040\000D\000o\000c\000u\000m\000e\000n\000t\000a\000t\000i\000o\000n}{section.3.4}% 51
\BOOKMARK [3][-]{subsubsection.3.4.1.1}{\376\377\000f\000a\000t\000t\000r\000i\000b}{subsection.3.4.1}% 52
\BOOKMARK [3][-]{subsubsection.3.4.1.2}{\376\377\000f\000d\000a\000t\000e}{subsection.3.4.1}% 53
\BOOKMARK [3][-]{subsubsection.3.4.1.3}{\376\377\000f\000n\000a\000m\000e}{subsection.3.4.1}% 54
\BOOKMARK [3][-]{subsubsection.3.4.1.4}{\376\377\000f\000s\000i\000z\000e}{subsection.3.4.1}% 55
\BOOKMARK [3][-]{subsubsection.3.4.1.5}{\376\377\000f\000t\000i\000m\000e}{subsection.3.4.1}% 56
\BOOKMARK [1][-]{section.3.5}{\376\377\000o\000n\000o\000d\000e\000\040\000S\000t\000r\000u\000c\000t\000\040\000R\000e\000f\000e\000r\000e\000n\000c\000e}{chapter.3}% 57
\BOOKMARK [2][-]{subsection.3.5.1}{\376\377\000F\000i\000e\000l\000d\000\040\000D\000o\000c\000u\000m\000e\000n\000t\000a\000t\000i\000o\000n}{section.3.5}% 58
\BOOKMARK [3][-]{subsubsection.3.5.1.1}{\376\377\000d\000a\000t\000a}{subsection.3.5.1}% 59
\BOOKMARK [3][-]{subsubsection.3.5.1.2}{\376\377\000n\000e\000x\000t}{subsection.3.5.1}% 60
\BOOKMARK [3][-]{subsubsection.3.5.1.3}{\376\377\000p\000r\000e\000v}{subsection.3.5.1}% 61
\BOOKMARK [1][-]{section.3.6}{\376\377\000o\000r\000d\000e\000r\000\040\000S\000t\000r\000u\000c\000t\000\040\000R\000e\000f\000e\000r\000e\000n\000c\000e}{chapter.3}% 62
\BOOKMARK [2][-]{subsection.3.6.1}{\376\377\000F\000i\000e\000l\000d\000\040\000D\000o\000c\000u\000m\000e\000n\000t\000a\000t\000i\000o\000n}{section.3.6}% 63
\BOOKMARK [3][-]{subsubsection.3.6.1.1}{\376\377\000b\000a\000n\000k\0001\000\137\000n\000o\000t\000e}{subsection.3.6.1}% 64
\BOOKMARK [3][-]{subsubsection.3.6.1.2}{\376\377\000b\000a\000n\000k\0001\000\137\000s\000t\000a\000r\000t\000s\000t\000o\000p}{subsection.3.6.1}% 65
\BOOKMARK [3][-]{subsubsection.3.6.1.3}{\376\377\000b\000a\000n\000k\0002\000\137\000n\000o\000t\000e}{subsection.3.6.1}% 66
\BOOKMARK [3][-]{subsubsection.3.6.1.4}{\376\377\000b\000a\000n\000k\0002\000\137\000s\000t\000a\000r\000t\000s\000t\000o\000p}{subsection.3.6.1}% 67
\BOOKMARK [3][-]{subsubsection.3.6.1.5}{\376\377\000b\000a\000n\000k\0003\000\137\000n\000o\000t\000e}{subsection.3.6.1}% 68
\BOOKMARK [3][-]{subsubsection.3.6.1.6}{\376\377\000b\000a\000n\000k\0003\000\137\000s\000t\000a\000r\000t\000s\000t\000o\000p}{subsection.3.6.1}% 69
\BOOKMARK [3][-]{subsubsection.3.6.1.7}{\376\377\000i\000d}{subsection.3.6.1}% 70
\BOOKMARK [0][-]{chapter.4}{\376\377\000F\000i\000l\000e\000\040\000D\000o\000c\000u\000m\000e\000n\000t\000a\000t\000i\000o\000n}{}% 71
\BOOKMARK [1][-]{section.4.1}{\376\377\000c\000o\000n\000f\000i\000g\000.\000h\000\040\000F\000i\000l\000e\000\040\000R\000e\000f\000e\000r\000e\000n\000c\000e}{chapter.4}% 72
\BOOKMARK [2][-]{subsection.4.1.1}{\376\377\000M\000a\000c\000r\000o\000\040\000D\000e\000f\000i\000n\000i\000t\000i\000o\000n\000\040\000D\000o\000c\000u\000m\000e\000n\000t\000a\000t\000i\000o\000n}{section.4.1}% 73
\BOOKMARK [3][-]{subsubsection.4.1.1.1}{\376\377\000F\000\137\000C\000P\000U}{subsection.4.1.1}% 74
\BOOKMARK [1][-]{section.4.2}{\376\377\000k\000e\000y\000b\000o\000a\000r\000d\000/\000k\000e\000y\000b\000o\000a\000r\000d\000.\000c\000\040\000F\000i\000l\000e\000\040\000R\000e\000f\000e\000r\000e\000n\000c\000e}{chapter.4}% 75
\BOOKMARK [2][-]{subsection.4.2.1}{\376\377\000M\000a\000c\000r\000o\000\040\000D\000e\000f\000i\000n\000i\000t\000i\000o\000n\000\040\000D\000o\000c\000u\000m\000e\000n\000t\000a\000t\000i\000o\000n}{section.4.2}% 76
\BOOKMARK [3][-]{subsubsection.4.2.1.1}{\376\377\000K\000B\000\137\000C\000L\000K}{subsection.4.2.1}% 77
\BOOKMARK [3][-]{subsubsection.4.2.1.2}{\376\377\000K\000B\000\137\000D\000A\000T\000A}{subsection.4.2.1}% 78
\BOOKMARK [3][-]{subsubsection.4.2.1.3}{\376\377\000K\000B\000\137\000P\000O\000R\000T}{subsection.4.2.1}% 79
\BOOKMARK [2][-]{subsection.4.2.2}{\376\377\000F\000u\000n\000c\000t\000i\000o\000n\000\040\000D\000o\000c\000u\000m\000e\000n\000t\000a\000t\000i\000o\000n}{section.4.2}% 80
\BOOKMARK [3][-]{subsubsection.4.2.2.1}{\376\377\000c\000l\000o\000c\000k\000\137\000i\000n\000i\000t}{subsection.4.2.2}% 81
\BOOKMARK [3][-]{subsubsection.4.2.2.2}{\376\377\000i\000n\000i\000t\000\137\000k\000e\000y\000b\000o\000a\000r\000d}{subsection.4.2.2}% 82
\BOOKMARK [3][-]{subsubsection.4.2.2.3}{\376\377\000I\000S\000R}{subsection.4.2.2}% 83
\BOOKMARK [3][-]{subsubsection.4.2.2.4}{\376\377\000m\000a\000i\000n}{subsection.4.2.2}% 84
\BOOKMARK [3][-]{subsubsection.4.2.2.5}{\376\377\000r\000e\000a\000d\000\137\000c\000h\000a\000r}{subsection.4.2.2}% 85
\BOOKMARK [3][-]{subsubsection.4.2.2.6}{\376\377\000r\000e\000n\000d\000e\000r\000\137\000s\000c\000a\000n\000\137\000c\000o\000d\000e}{subsection.4.2.2}% 86
\BOOKMARK [2][-]{subsection.4.2.3}{\376\377\000V\000a\000r\000i\000a\000b\000l\000e\000\040\000D\000o\000c\000u\000m\000e\000n\000t\000a\000t\000i\000o\000n}{section.4.2}% 87
\BOOKMARK [3][-]{subsubsection.4.2.3.1}{\376\377\000b\000i\000t\000\137\000c\000o\000u\000n\000t}{subsection.4.2.3}% 88
\BOOKMARK [3][-]{subsubsection.4.2.3.2}{\376\377\000c\000a\000p\000s\000\137\000l\000o\000c\000k}{subsection.4.2.3}% 89
\BOOKMARK [3][-]{subsubsection.4.2.3.3}{\376\377\000c\000h\000a\000r\000\137\000w\000a\000i\000t\000i\000n\000g}{subsection.4.2.3}% 90
\BOOKMARK [3][-]{subsubsection.4.2.3.4}{\376\377\000e\000x\000t\000e\000n\000d\000e\000d}{subsection.4.2.3}% 91
\BOOKMARK [3][-]{subsubsection.4.2.3.5}{\376\377\000k\000b\000d\000\137\000d\000a\000t\000a}{subsection.4.2.3}% 92
\BOOKMARK [3][-]{subsubsection.4.2.3.6}{\376\377\000r\000e\000l\000e\000a\000s\000e}{subsection.4.2.3}% 93
\BOOKMARK [3][-]{subsubsection.4.2.3.7}{\376\377\000s\000h\000i\000f\000t}{subsection.4.2.3}% 94
\BOOKMARK [3][-]{subsubsection.4.2.3.8}{\376\377\000s\000t}{subsection.4.2.3}% 95
\BOOKMARK [3][-]{subsubsection.4.2.3.9}{\376\377\000s\000t\000a\000r\000t\000e\000d}{subsection.4.2.3}% 96
\BOOKMARK [1][-]{section.4.3}{\376\377\000k\000e\000y\000b\000o\000a\000r\000d\000/\000k\000e\000y\000m\000a\000p\000.\000h\000\040\000F\000i\000l\000e\000\040\000R\000e\000f\000e\000r\000e\000n\000c\000e}{chapter.4}% 97
\BOOKMARK [2][-]{subsection.4.3.1}{\376\377\000V\000a\000r\000i\000a\000b\000l\000e\000\040\000D\000o\000c\000u\000m\000e\000n\000t\000a\000t\000i\000o\000n}{section.4.3}% 98
\BOOKMARK [3][-]{subsubsection.4.3.1.1}{\376\377\000P\000R\000O\000G\000M\000E\000M}{subsection.4.3.1}% 99
\BOOKMARK [1][-]{section.4.4}{\376\377\000l\000c\000d\0008\000b\000i\000t\000/\000l\000c\000d\0008\000b\000i\000t\000.\000c\000\040\000F\000i\000l\000e\000\040\000R\000e\000f\000e\000r\000e\000n\000c\000e}{chapter.4}% 100
\BOOKMARK [2][-]{subsection.4.4.1}{\376\377\000M\000a\000c\000r\000o\000\040\000D\000e\000f\000i\000n\000i\000t\000i\000o\000n\000\040\000D\000o\000c\000u\000m\000e\000n\000t\000a\000t\000i\000o\000n}{section.4.4}% 101
\BOOKMARK [3][-]{subsubsection.4.4.1.1}{\376\377\000C\000O\000M\000M\000\137\000P\000O\000R\000T}{subsection.4.4.1}% 102
\BOOKMARK [3][-]{subsubsection.4.4.1.2}{\376\377\000D\000A\000T\000A\000\137\000P\000O\000R\000T}{subsection.4.4.1}% 103
\BOOKMARK [3][-]{subsubsection.4.4.1.3}{\376\377\000L\000C\000D\000\137\000E}{subsection.4.4.1}% 104
\BOOKMARK [3][-]{subsubsection.4.4.1.4}{\376\377\000L\000C\000D\000\137\000R\000S}{subsection.4.4.1}% 105
\BOOKMARK [2][-]{subsection.4.4.2}{\376\377\000F\000u\000n\000c\000t\000i\000o\000n\000\040\000D\000o\000c\000u\000m\000e\000n\000t\000a\000t\000i\000o\000n}{section.4.4}% 106
\BOOKMARK [3][-]{subsubsection.4.4.2.1}{\376\377\000l\000c\000d\000\137\000c\000l\000e\000a\000r\000\137\000a\000n\000d\000\137\000h\000o\000m\000e}{subsection.4.4.2}% 107
\BOOKMARK [3][-]{subsubsection.4.4.2.2}{\376\377\000l\000c\000d\000\137\000g\000o\000t\000o}{subsection.4.4.2}% 108
\BOOKMARK [3][-]{subsubsection.4.4.2.3}{\376\377\000l\000c\000d\000\137\000h\000o\000m\000e}{subsection.4.4.2}% 109
\BOOKMARK [3][-]{subsubsection.4.4.2.4}{\376\377\000l\000c\000d\000\137\000i\000n\000i\000t}{subsection.4.4.2}% 110
\BOOKMARK [3][-]{subsubsection.4.4.2.5}{\376\377\000l\000c\000d\000\137\000l\000i\000n\000e\000\137\000o\000n\000e}{subsection.4.4.2}% 111
\BOOKMARK [3][-]{subsubsection.4.4.2.6}{\376\377\000l\000c\000d\000\137\000l\000i\000n\000e\000\137\000t\000w\000o}{subsection.4.4.2}% 112
\BOOKMARK [3][-]{subsubsection.4.4.2.7}{\376\377\000l\000c\000d\000\137\000s\000e\000t\000\137\000w\000r\000i\000t\000e\000\137\000d\000a\000t\000a}{subsection.4.4.2}% 113
\BOOKMARK [3][-]{subsubsection.4.4.2.8}{\376\377\000l\000c\000d\000\137\000s\000e\000t\000\137\000w\000r\000i\000t\000e\000\137\000i\000n\000s\000t\000r\000u\000c\000t\000i\000o\000n}{subsection.4.4.2}% 114
\BOOKMARK [3][-]{subsubsection.4.4.2.9}{\376\377\000l\000c\000d\000\137\000w\000r\000i\000t\000e\000\137\000b\000y\000t\000e}{subsection.4.4.2}% 115
\BOOKMARK [3][-]{subsubsection.4.4.2.10}{\376\377\000l\000c\000d\000\137\000w\000r\000i\000t\000e\000\137\000d\000a\000t\000a}{subsection.4.4.2}% 116
\BOOKMARK [3][-]{subsubsection.4.4.2.11}{\376\377\000l\000c\000d\000\137\000w\000r\000i\000t\000e\000\137\000s\000t\000r\000i\000n\000g}{subsection.4.4.2}% 117
\BOOKMARK [3][-]{subsubsection.4.4.2.12}{\376\377\000l\000c\000d\000\137\000w\000r\000i\000t\000e\000\137\000s\000t\000r\000i\000n\000g\000\137\0000}{subsection.4.4.2}% 118
\BOOKMARK [3][-]{subsubsection.4.4.2.13}{\376\377\000l\000c\000d\000\137\000w\000r\000i\000t\000e\000\137\000s\000t\000r\000i\000n\000g\000\137\000p}{subsection.4.4.2}% 119
\BOOKMARK [1][-]{section.4.5}{\376\377\000l\000c\000d\0008\000b\000i\000t\000/\000l\000c\000d\0008\000b\000i\000t\000.\000h\000\040\000F\000i\000l\000e\000\040\000R\000e\000f\000e\000r\000e\000n\000c\000e}{chapter.4}% 120
\BOOKMARK [2][-]{subsection.4.5.1}{\376\377\000F\000u\000n\000c\000t\000i\000o\000n\000\040\000D\000o\000c\000u\000m\000e\000n\000t\000a\000t\000i\000o\000n}{section.4.5}% 121
\BOOKMARK [3][-]{subsubsection.4.5.1.1}{\376\377\000l\000c\000d\000\137\000c\000l\000e\000a\000r\000\137\000a\000n\000d\000\137\000h\000o\000m\000e}{subsection.4.5.1}% 122
\BOOKMARK [3][-]{subsubsection.4.5.1.2}{\376\377\000l\000c\000d\000\137\000g\000o\000t\000o}{subsection.4.5.1}% 123
\BOOKMARK [3][-]{subsubsection.4.5.1.3}{\376\377\000l\000c\000d\000\137\000h\000o\000m\000e}{subsection.4.5.1}% 124
\BOOKMARK [3][-]{subsubsection.4.5.1.4}{\376\377\000l\000c\000d\000\137\000i\000n\000i\000t}{subsection.4.5.1}% 125
\BOOKMARK [3][-]{subsubsection.4.5.1.5}{\376\377\000l\000c\000d\000\137\000l\000i\000n\000e\000\137\000o\000n\000e}{subsection.4.5.1}% 126
\BOOKMARK [3][-]{subsubsection.4.5.1.6}{\376\377\000l\000c\000d\000\137\000l\000i\000n\000e\000\137\000t\000w\000o}{subsection.4.5.1}% 127
\BOOKMARK [3][-]{subsubsection.4.5.1.7}{\376\377\000l\000c\000d\000\137\000s\000e\000t\000\137\000w\000r\000i\000t\000e\000\137\000d\000a\000t\000a}{subsection.4.5.1}% 128
\BOOKMARK [3][-]{subsubsection.4.5.1.8}{\376\377\000l\000c\000d\000\137\000s\000e\000t\000\137\000w\000r\000i\000t\000e\000\137\000i\000n\000s\000t\000r\000u\000c\000t\000i\000o\000n}{subsection.4.5.1}% 129
\BOOKMARK [3][-]{subsubsection.4.5.1.9}{\376\377\000l\000c\000d\000\137\000w\000r\000i\000t\000e\000\137\000b\000y\000t\000e}{subsection.4.5.1}% 130
\BOOKMARK [3][-]{subsubsection.4.5.1.10}{\376\377\000l\000c\000d\000\137\000w\000r\000i\000t\000e\000\137\000d\000a\000t\000a}{subsection.4.5.1}% 131
\BOOKMARK [3][-]{subsubsection.4.5.1.11}{\376\377\000l\000c\000d\000\137\000w\000r\000i\000t\000e\000\137\000s\000t\000r\000i\000n\000g}{subsection.4.5.1}% 132
\BOOKMARK [3][-]{subsubsection.4.5.1.12}{\376\377\000l\000c\000d\000\137\000w\000r\000i\000t\000e\000\137\000s\000t\000r\000i\000n\000g\000\137\0000}{subsection.4.5.1}% 133
\BOOKMARK [3][-]{subsubsection.4.5.1.13}{\376\377\000l\000c\000d\000\137\000w\000r\000i\000t\000e\000\137\000s\000t\000r\000i\000n\000g\000\137\000p}{subsection.4.5.1}% 134
\BOOKMARK [1][-]{section.4.6}{\376\377\000l\000i\000s\000t\000/\000l\000i\000s\000t\000.\000c\000\040\000F\000i\000l\000e\000\040\000R\000e\000f\000e\000r\000e\000n\000c\000e}{chapter.4}% 135
\BOOKMARK [2][-]{subsection.4.6.1}{\376\377\000F\000u\000n\000c\000t\000i\000o\000n\000\040\000D\000o\000c\000u\000m\000e\000n\000t\000a\000t\000i\000o\000n}{section.4.6}% 136
\BOOKMARK [3][-]{subsubsection.4.6.1.1}{\376\377\000d\000e\000l\000e\000t\000e\000J\000u\000s\000t\000L\000i\000s\000t}{subsection.4.6.1}% 137
\BOOKMARK [3][-]{subsubsection.4.6.1.2}{\376\377\000d\000e\000l\000e\000t\000e\000L\000i\000s\000t}{subsection.4.6.1}% 138
\BOOKMARK [3][-]{subsubsection.4.6.1.3}{\376\377\000d\000e\000l\000e\000t\000e\000N\000o\000d\000e}{subsection.4.6.1}% 139
\BOOKMARK [3][-]{subsubsection.4.6.1.4}{\376\377\000d\000e\000l\000e\000t\000e\000N\000o\000d\000e\000O\000n\000l\000y}{subsection.4.6.1}% 140
\BOOKMARK [3][-]{subsubsection.4.6.1.5}{\376\377\000e\000v\000i\000c\000t\000N\000o\000d\000e}{subsection.4.6.1}% 141
\BOOKMARK [3][-]{subsubsection.4.6.1.6}{\376\377\000g\000e\000t\000N\000e\000x\000t\000O\000r\000d\000e\000r}{subsection.4.6.1}% 142
\BOOKMARK [3][-]{subsubsection.4.6.1.7}{\376\377\000g\000e\000t\000O\000r\000d\000e\000r\000D\000a\000t\000a}{subsection.4.6.1}% 143
\BOOKMARK [3][-]{subsubsection.4.6.1.8}{\376\377\000g\000e\000t\000O\000r\000d\000e\000r\000I\000d}{subsection.4.6.1}% 144
\BOOKMARK [3][-]{subsubsection.4.6.1.9}{\376\377\000g\000e\000t\000O\000r\000d\000e\000r\000N\000o\000d\000e}{subsection.4.6.1}% 145
\BOOKMARK [3][-]{subsubsection.4.6.1.10}{\376\377\000g\000e\000t\000O\000r\000d\000e\000r\000N\000o\000t\000e}{subsection.4.6.1}% 146
\BOOKMARK [3][-]{subsubsection.4.6.1.11}{\376\377\000g\000e\000t\000O\000r\000d\000e\000r\000S\000t\000a\000r\000t\000s\000t\000o\000p}{subsection.4.6.1}% 147
\BOOKMARK [3][-]{subsubsection.4.6.1.12}{\376\377\000g\000e\000t\000P\000r\000e\000v\000O\000r\000d\000e\000r}{subsection.4.6.1}% 148
\BOOKMARK [3][-]{subsubsection.4.6.1.13}{\376\377\000i\000n\000s\000e\000r\000t\000N\000o\000d\000e}{subsection.4.6.1}% 149
\BOOKMARK [3][-]{subsubsection.4.6.1.14}{\376\377\000n\000e\000w\000N\000o\000d\000e}{subsection.4.6.1}% 150
\BOOKMARK [3][-]{subsubsection.4.6.1.15}{\376\377\000n\000e\000w\000N\000o\000d\000e\000B\000y\000R\000e\000f}{subsection.4.6.1}% 151
\BOOKMARK [3][-]{subsubsection.4.6.1.16}{\376\377\000p\000r\000i\000n\000t\000L\000i\000s\000t}{subsection.4.6.1}% 152
\BOOKMARK [3][-]{subsubsection.4.6.1.17}{\376\377\000p\000u\000s\000h\000N\000o\000d\000e}{subsection.4.6.1}% 153
\BOOKMARK [3][-]{subsubsection.4.6.1.18}{\376\377\000s\000e\000t\000O\000r\000d\000e\000r\000I\000d}{subsection.4.6.1}% 154
\BOOKMARK [3][-]{subsubsection.4.6.1.19}{\376\377\000s\000e\000t\000O\000r\000d\000e\000r\000N\000o\000t\000e}{subsection.4.6.1}% 155
\BOOKMARK [3][-]{subsubsection.4.6.1.20}{\376\377\000s\000e\000t\000O\000r\000d\000e\000r\000S\000t\000a\000r\000t\000s\000t\000o\000p}{subsection.4.6.1}% 156
\BOOKMARK [3][-]{subsubsection.4.6.1.21}{\376\377\000s\000o\000r\000t}{subsection.4.6.1}% 157
\BOOKMARK [3][-]{subsubsection.4.6.1.22}{\376\377\000s\000w\000a\000p}{subsection.4.6.1}% 158
\BOOKMARK [2][-]{subsection.4.6.2}{\376\377\000V\000a\000r\000i\000a\000b\000l\000e\000\040\000D\000o\000c\000u\000m\000e\000n\000t\000a\000t\000i\000o\000n}{section.4.6}% 159
\BOOKMARK [3][-]{subsubsection.4.6.2.1}{\376\377\000g}{subsection.4.6.2}% 160
\BOOKMARK [1][-]{section.4.7}{\376\377\000l\000i\000s\000t\000/\000l\000i\000s\000t\000.\000h\000\040\000F\000i\000l\000e\000\040\000R\000e\000f\000e\000r\000e\000n\000c\000e}{chapter.4}% 161
\BOOKMARK [2][-]{subsection.4.7.1}{\376\377\000F\000u\000n\000c\000t\000i\000o\000n\000\040\000D\000o\000c\000u\000m\000e\000n\000t\000a\000t\000i\000o\000n}{section.4.7}% 162
\BOOKMARK [3][-]{subsubsection.4.7.1.1}{\376\377\000d\000e\000l\000e\000t\000e\000J\000u\000s\000t\000L\000i\000s\000t}{subsection.4.7.1}% 163
\BOOKMARK [3][-]{subsubsection.4.7.1.2}{\376\377\000d\000e\000l\000e\000t\000e\000L\000i\000s\000t}{subsection.4.7.1}% 164
\BOOKMARK [3][-]{subsubsection.4.7.1.3}{\376\377\000d\000e\000l\000e\000t\000e\000N\000o\000d\000e}{subsection.4.7.1}% 165
\BOOKMARK [3][-]{subsubsection.4.7.1.4}{\376\377\000d\000e\000l\000e\000t\000e\000N\000o\000d\000e\000O\000n\000l\000y}{subsection.4.7.1}% 166
\BOOKMARK [3][-]{subsubsection.4.7.1.5}{\376\377\000e\000v\000i\000c\000t\000N\000o\000d\000e}{subsection.4.7.1}% 167
\BOOKMARK [3][-]{subsubsection.4.7.1.6}{\376\377\000g\000e\000t\000N\000e\000x\000t\000O\000r\000d\000e\000r}{subsection.4.7.1}% 168
\BOOKMARK [3][-]{subsubsection.4.7.1.7}{\376\377\000g\000e\000t\000O\000r\000d\000e\000r\000D\000a\000t\000a}{subsection.4.7.1}% 169
\BOOKMARK [3][-]{subsubsection.4.7.1.8}{\376\377\000g\000e\000t\000O\000r\000d\000e\000r\000I\000d}{subsection.4.7.1}% 170
\BOOKMARK [3][-]{subsubsection.4.7.1.9}{\376\377\000g\000e\000t\000O\000r\000d\000e\000r\000N\000o\000d\000e}{subsection.4.7.1}% 171
\BOOKMARK [3][-]{subsubsection.4.7.1.10}{\376\377\000g\000e\000t\000O\000r\000d\000e\000r\000N\000o\000t\000e}{subsection.4.7.1}% 172
\BOOKMARK [3][-]{subsubsection.4.7.1.11}{\376\377\000g\000e\000t\000O\000r\000d\000e\000r\000S\000t\000a\000r\000t\000s\000t\000o\000p}{subsection.4.7.1}% 173
\BOOKMARK [3][-]{subsubsection.4.7.1.12}{\376\377\000g\000e\000t\000P\000r\000e\000v\000O\000r\000d\000e\000r}{subsection.4.7.1}% 174
\BOOKMARK [3][-]{subsubsection.4.7.1.13}{\376\377\000i\000n\000s\000e\000r\000t\000N\000o\000d\000e}{subsection.4.7.1}% 175
\BOOKMARK [3][-]{subsubsection.4.7.1.14}{\376\377\000n\000e\000w\000N\000o\000d\000e}{subsection.4.7.1}% 176
\BOOKMARK [3][-]{subsubsection.4.7.1.15}{\376\377\000n\000e\000w\000N\000o\000d\000e\000B\000y\000R\000e\000f}{subsection.4.7.1}% 177
\BOOKMARK [3][-]{subsubsection.4.7.1.16}{\376\377\000p\000r\000i\000n\000t\000L\000i\000s\000t}{subsection.4.7.1}% 178
\BOOKMARK [3][-]{subsubsection.4.7.1.17}{\376\377\000p\000u\000s\000h\000N\000o\000d\000e}{subsection.4.7.1}% 179
\BOOKMARK [3][-]{subsubsection.4.7.1.18}{\376\377\000s\000e\000t\000O\000r\000d\000e\000r\000I\000d}{subsection.4.7.1}% 180
\BOOKMARK [3][-]{subsubsection.4.7.1.19}{\376\377\000s\000e\000t\000O\000r\000d\000e\000r\000N\000o\000t\000e}{subsection.4.7.1}% 181
\BOOKMARK [3][-]{subsubsection.4.7.1.20}{\376\377\000s\000e\000t\000O\000r\000d\000e\000r\000S\000t\000a\000r\000t\000s\000t\000o\000p}{subsection.4.7.1}% 182
\BOOKMARK [3][-]{subsubsection.4.7.1.21}{\376\377\000s\000o\000r\000t}{subsection.4.7.1}% 183
\BOOKMARK [3][-]{subsubsection.4.7.1.22}{\376\377\000s\000w\000a\000p}{subsection.4.7.1}% 184
\BOOKMARK [1][-]{section.4.8}{\376\377\000m\000a\000i\000n\000.\000c\000\040\000F\000i\000l\000e\000\040\000R\000e\000f\000e\000r\000e\000n\000c\000e}{chapter.4}% 185
\BOOKMARK [2][-]{subsection.4.8.1}{\376\377\000F\000u\000n\000c\000t\000i\000o\000n\000\040\000D\000o\000c\000u\000m\000e\000n\000t\000a\000t\000i\000o\000n}{section.4.8}% 186
\BOOKMARK [3][-]{subsubsection.4.8.1.1}{\376\377\000d\000i\000e}{subsection.4.8.1}% 187
\BOOKMARK [3][-]{subsubsection.4.8.1.2}{\376\377\000g\000e\000t\000\137\000f\000a\000t\000t\000i\000m\000e}{subsection.4.8.1}% 188
\BOOKMARK [3][-]{subsubsection.4.8.1.3}{\376\377\000m\000a\000i\000n}{subsection.4.8.1}% 189
\BOOKMARK [2][-]{subsection.4.8.2}{\376\377\000V\000a\000r\000i\000a\000b\000l\000e\000\040\000D\000o\000c\000u\000m\000e\000n\000t\000a\000t\000i\000o\000n}{section.4.8}% 190
\BOOKMARK [3][-]{subsubsection.4.8.2.1}{\376\377\000F\000a\000t\000F\000s}{subsection.4.8.2}% 191
\BOOKMARK [3][-]{subsubsection.4.8.2.2}{\376\377\000f\000p}{subsection.4.8.2}% 192
\BOOKMARK [1][-]{section.4.9}{\376\377\000M\000a\000k\000e\000f\000i\000l\000e\000\040\000F\000i\000l\000e\000\040\000R\000e\000f\000e\000r\000e\000n\000c\000e}{chapter.4}% 193
\BOOKMARK [2][-]{subsection.4.9.1}{\376\377\000V\000a\000r\000i\000a\000b\000l\000e\000\040\000D\000o\000c\000u\000m\000e\000n\000t\000a\000t\000i\000o\000n}{section.4.9}% 194
\BOOKMARK [3][-]{subsubsection.4.9.1.1}{\376\377\000D\000E\000V\000I\000C\000E}{subsection.4.9.1}% 195
\BOOKMARK [3][-]{subsubsection.4.9.1.2}{\376\377\000W\000l}{subsection.4.9.1}% 196
\BOOKMARK [1][-]{section.4.10}{\376\377\000s\000d\000\137\000c\000a\000r\000d\000/\000d\000i\000s\000k\000i\000o\000.\000h\000\040\000F\000i\000l\000e\000\040\000R\000e\000f\000e\000r\000e\000n\000c\000e}{chapter.4}% 197
\BOOKMARK [2][-]{subsection.4.10.1}{\376\377\000M\000a\000c\000r\000o\000\040\000D\000e\000f\000i\000n\000i\000t\000i\000o\000n\000\040\000D\000o\000c\000u\000m\000e\000n\000t\000a\000t\000i\000o\000n}{section.4.10}% 198
\BOOKMARK [3][-]{subsubsection.4.10.1.1}{\376\377\000A\000T\000A\000\137\000G\000E\000T\000\137\000M\000O\000D\000E\000L}{subsection.4.10.1}% 199
\BOOKMARK [3][-]{subsubsection.4.10.1.2}{\376\377\000A\000T\000A\000\137\000G\000E\000T\000\137\000R\000E\000V}{subsection.4.10.1}% 200
\BOOKMARK [3][-]{subsubsection.4.10.1.3}{\376\377\000A\000T\000A\000\137\000G\000E\000T\000\137\000S\000N}{subsection.4.10.1}% 201
\BOOKMARK [3][-]{subsubsection.4.10.1.4}{\376\377\000C\000T\000\137\000B\000L\000O\000C\000K}{subsection.4.10.1}% 202
\BOOKMARK [3][-]{subsubsection.4.10.1.5}{\376\377\000C\000T\000\137\000M\000M\000C}{subsection.4.10.1}% 203
\BOOKMARK [3][-]{subsubsection.4.10.1.6}{\376\377\000C\000T\000\137\000S\000D\0001}{subsection.4.10.1}% 204
\BOOKMARK [3][-]{subsubsection.4.10.1.7}{\376\377\000C\000T\000\137\000S\000D\0002}{subsection.4.10.1}% 205
\BOOKMARK [3][-]{subsubsection.4.10.1.8}{\376\377\000C\000T\000\137\000S\000D\000C}{subsection.4.10.1}% 206
\BOOKMARK [3][-]{subsubsection.4.10.1.9}{\376\377\000C\000T\000R\000L\000\137\000E\000R\000A\000S\000E\000\137\000S\000E\000C\000T\000O\000R}{subsection.4.10.1}% 207
\BOOKMARK [3][-]{subsubsection.4.10.1.10}{\376\377\000C\000T\000R\000L\000\137\000P\000O\000W\000E\000R}{subsection.4.10.1}% 208
\BOOKMARK [3][-]{subsubsection.4.10.1.11}{\376\377\000C\000T\000R\000L\000\137\000S\000Y\000N\000C}{subsection.4.10.1}% 209
\BOOKMARK [3][-]{subsubsection.4.10.1.12}{\376\377\000G\000E\000T\000\137\000B\000L\000O\000C\000K\000\137\000S\000I\000Z\000E}{subsection.4.10.1}% 210
\BOOKMARK [3][-]{subsubsection.4.10.1.13}{\376\377\000G\000E\000T\000\137\000S\000E\000C\000T\000O\000R\000\137\000C\000O\000U\000N\000T}{subsection.4.10.1}% 211
\BOOKMARK [3][-]{subsubsection.4.10.1.14}{\376\377\000M\000M\000C\000\137\000G\000E\000T\000\137\000C\000I\000D}{subsection.4.10.1}% 212
\BOOKMARK [3][-]{subsubsection.4.10.1.15}{\376\377\000M\000M\000C\000\137\000G\000E\000T\000\137\000C\000S\000D}{subsection.4.10.1}% 213
\BOOKMARK [3][-]{subsubsection.4.10.1.16}{\376\377\000M\000M\000C\000\137\000G\000E\000T\000\137\000O\000C\000R}{subsection.4.10.1}% 214
\BOOKMARK [3][-]{subsubsection.4.10.1.17}{\376\377\000M\000M\000C\000\137\000G\000E\000T\000\137\000S\000D\000S\000T\000A\000T}{subsection.4.10.1}% 215
\BOOKMARK [3][-]{subsubsection.4.10.1.18}{\376\377\000M\000M\000C\000\137\000G\000E\000T\000\137\000T\000Y\000P\000E}{subsection.4.10.1}% 216
\BOOKMARK [3][-]{subsubsection.4.10.1.19}{\376\377\000S\000T\000A\000\137\000N\000O\000D\000I\000S\000K}{subsection.4.10.1}% 217
\BOOKMARK [3][-]{subsubsection.4.10.1.20}{\376\377\000S\000T\000A\000\137\000N\000O\000I\000N\000I\000T}{subsection.4.10.1}% 218
\BOOKMARK [3][-]{subsubsection.4.10.1.21}{\376\377\000S\000T\000A\000\137\000P\000R\000O\000T\000E\000C\000T}{subsection.4.10.1}% 219
\BOOKMARK [2][-]{subsection.4.10.2}{\376\377\000T\000y\000p\000e\000d\000e\000f\000\040\000D\000o\000c\000u\000m\000e\000n\000t\000a\000t\000i\000o\000n}{section.4.10}% 220
\BOOKMARK [3][-]{subsubsection.4.10.2.1}{\376\377\000D\000S\000T\000A\000T\000U\000S}{subsection.4.10.2}% 221
\BOOKMARK [2][-]{subsection.4.10.3}{\376\377\000E\000n\000u\000m\000e\000r\000a\000t\000i\000o\000n\000\040\000T\000y\000p\000e\000\040\000D\000o\000c\000u\000m\000e\000n\000t\000a\000t\000i\000o\000n}{section.4.10}% 222
\BOOKMARK [3][-]{subsubsection.4.10.3.1}{\376\377\000D\000R\000E\000S\000U\000L\000T}{subsection.4.10.3}% 223
\BOOKMARK [2][-]{subsection.4.10.4}{\376\377\000F\000u\000n\000c\000t\000i\000o\000n\000\040\000D\000o\000c\000u\000m\000e\000n\000t\000a\000t\000i\000o\000n}{section.4.10}% 224
\BOOKMARK [3][-]{subsubsection.4.10.4.1}{\376\377\000d\000i\000s\000k\000\137\000i\000n\000i\000t\000i\000a\000l\000i\000z\000e}{subsection.4.10.4}% 225
\BOOKMARK [3][-]{subsubsection.4.10.4.2}{\376\377\000d\000i\000s\000k\000\137\000i\000o\000c\000t\000l}{subsection.4.10.4}% 226
\BOOKMARK [3][-]{subsubsection.4.10.4.3}{\376\377\000d\000i\000s\000k\000\137\000r\000e\000a\000d}{subsection.4.10.4}% 227
\BOOKMARK [3][-]{subsubsection.4.10.4.4}{\376\377\000d\000i\000s\000k\000\137\000s\000t\000a\000t\000u\000s}{subsection.4.10.4}% 228
\BOOKMARK [3][-]{subsubsection.4.10.4.5}{\376\377\000d\000i\000s\000k\000\137\000w\000r\000i\000t\000e}{subsection.4.10.4}% 229
\BOOKMARK [1][-]{section.4.11}{\376\377\000s\000d\000\137\000c\000a\000r\000d\000/\000f\000f\000.\000c\000\040\000F\000i\000l\000e\000\040\000R\000e\000f\000e\000r\000e\000n\000c\000e}{chapter.4}% 230
\BOOKMARK [2][-]{subsection.4.11.1}{\376\377\000M\000a\000c\000r\000o\000\040\000D\000e\000f\000i\000n\000i\000t\000i\000o\000n\000\040\000D\000o\000c\000u\000m\000e\000n\000t\000a\000t\000i\000o\000n}{section.4.11}% 231
\BOOKMARK [3][-]{subsubsection.4.11.1.1}{\376\377\000\137\000D\000F\0001\000S}{subsection.4.11.1}% 232
\BOOKMARK [3][-]{subsubsection.4.11.1.2}{\376\377\000\137\000E\000X\000C\000V\000T}{subsection.4.11.1}% 233
\BOOKMARK [3][-]{subsubsection.4.11.1.3}{\376\377\000A\000B\000O\000R\000T}{subsection.4.11.1}% 234
\BOOKMARK [3][-]{subsubsection.4.11.1.4}{\376\377\000B\000P\000B\000\137\000B\000k\000B\000o\000o\000t\000S\000e\000c}{subsection.4.11.1}% 235
\BOOKMARK [3][-]{subsubsection.4.11.1.5}{\376\377\000B\000P\000B\000\137\000B\000y\000t\000s\000P\000e\000r\000S\000e\000c}{subsection.4.11.1}% 236
\BOOKMARK [3][-]{subsubsection.4.11.1.6}{\376\377\000B\000P\000B\000\137\000E\000x\000t\000F\000l\000a\000g\000s}{subsection.4.11.1}% 237
\BOOKMARK [3][-]{subsubsection.4.11.1.7}{\376\377\000B\000P\000B\000\137\000F\000A\000T\000S\000z\0001\0006}{subsection.4.11.1}% 238
\BOOKMARK [3][-]{subsubsection.4.11.1.8}{\376\377\000B\000P\000B\000\137\000F\000A\000T\000S\000z\0003\0002}{subsection.4.11.1}% 239
\BOOKMARK [3][-]{subsubsection.4.11.1.9}{\376\377\000B\000P\000B\000\137\000F\000S\000I\000n\000f\000o}{subsection.4.11.1}% 240
\BOOKMARK [3][-]{subsubsection.4.11.1.10}{\376\377\000B\000P\000B\000\137\000F\000S\000V\000e\000r}{subsection.4.11.1}% 241
\BOOKMARK [3][-]{subsubsection.4.11.1.11}{\376\377\000B\000P\000B\000\137\000H\000i\000d\000d\000S\000e\000c}{subsection.4.11.1}% 242
\BOOKMARK [3][-]{subsubsection.4.11.1.12}{\376\377\000B\000P\000B\000\137\000M\000e\000d\000i\000a}{subsection.4.11.1}% 243
\BOOKMARK [3][-]{subsubsection.4.11.1.13}{\376\377\000B\000P\000B\000\137\000N\000u\000m\000F\000A\000T\000s}{subsection.4.11.1}% 244
\BOOKMARK [3][-]{subsubsection.4.11.1.14}{\376\377\000B\000P\000B\000\137\000N\000u\000m\000H\000e\000a\000d\000s}{subsection.4.11.1}% 245
\BOOKMARK [3][-]{subsubsection.4.11.1.15}{\376\377\000B\000P\000B\000\137\000R\000o\000o\000t\000C\000l\000u\000s}{subsection.4.11.1}% 246
\BOOKMARK [3][-]{subsubsection.4.11.1.16}{\376\377\000B\000P\000B\000\137\000R\000o\000o\000t\000E\000n\000t\000C\000n\000t}{subsection.4.11.1}% 247
\BOOKMARK [3][-]{subsubsection.4.11.1.17}{\376\377\000B\000P\000B\000\137\000R\000s\000v\000d\000S\000e\000c\000C\000n\000t}{subsection.4.11.1}% 248
\BOOKMARK [3][-]{subsubsection.4.11.1.18}{\376\377\000B\000P\000B\000\137\000S\000e\000c\000P\000e\000r\000C\000l\000u\000s}{subsection.4.11.1}% 249
\BOOKMARK [3][-]{subsubsection.4.11.1.19}{\376\377\000B\000P\000B\000\137\000S\000e\000c\000P\000e\000r\000T\000r\000k}{subsection.4.11.1}% 250
\BOOKMARK [3][-]{subsubsection.4.11.1.20}{\376\377\000B\000P\000B\000\137\000T\000o\000t\000S\000e\000c\0001\0006}{subsection.4.11.1}% 251
\BOOKMARK [3][-]{subsubsection.4.11.1.21}{\376\377\000B\000P\000B\000\137\000T\000o\000t\000S\000e\000c\0003\0002}{subsection.4.11.1}% 252
\BOOKMARK [3][-]{subsubsection.4.11.1.22}{\376\377\000B\000S\000\137\0005\0005\000A\000A}{subsection.4.11.1}% 253
\BOOKMARK [3][-]{subsubsection.4.11.1.23}{\376\377\000B\000S\000\137\000B\000o\000o\000t\000S\000i\000g}{subsection.4.11.1}% 254
\BOOKMARK [3][-]{subsubsection.4.11.1.24}{\376\377\000B\000S\000\137\000B\000o\000o\000t\000S\000i\000g\0003\0002}{subsection.4.11.1}% 255
\BOOKMARK [3][-]{subsubsection.4.11.1.25}{\376\377\000B\000S\000\137\000D\000r\000v\000N\000u\000m}{subsection.4.11.1}% 256
\BOOKMARK [3][-]{subsubsection.4.11.1.26}{\376\377\000B\000S\000\137\000D\000r\000v\000N\000u\000m\0003\0002}{subsection.4.11.1}% 257
\BOOKMARK [3][-]{subsubsection.4.11.1.27}{\376\377\000B\000S\000\137\000F\000i\000l\000S\000y\000s\000T\000y\000p\000e}{subsection.4.11.1}% 258
\BOOKMARK [3][-]{subsubsection.4.11.1.28}{\376\377\000B\000S\000\137\000F\000i\000l\000S\000y\000s\000T\000y\000p\000e\0003\0002}{subsection.4.11.1}% 259
\BOOKMARK [3][-]{subsubsection.4.11.1.29}{\376\377\000B\000S\000\137\000j\000m\000p\000B\000o\000o\000t}{subsection.4.11.1}% 260
\BOOKMARK [3][-]{subsubsection.4.11.1.30}{\376\377\000B\000S\000\137\000O\000E\000M\000N\000a\000m\000e}{subsection.4.11.1}% 261
\BOOKMARK [3][-]{subsubsection.4.11.1.31}{\376\377\000B\000S\000\137\000V\000o\000l\000I\000D}{subsection.4.11.1}% 262
\BOOKMARK [3][-]{subsubsection.4.11.1.32}{\376\377\000B\000S\000\137\000V\000o\000l\000I\000D\0003\0002}{subsection.4.11.1}% 263
\BOOKMARK [3][-]{subsubsection.4.11.1.33}{\376\377\000B\000S\000\137\000V\000o\000l\000L\000a\000b}{subsection.4.11.1}% 264
\BOOKMARK [3][-]{subsubsection.4.11.1.34}{\376\377\000B\000S\000\137\000V\000o\000l\000L\000a\000b\0003\0002}{subsection.4.11.1}% 265
\BOOKMARK [3][-]{subsubsection.4.11.1.35}{\376\377\000D\000D\000E}{subsection.4.11.1}% 266
\BOOKMARK [3][-]{subsubsection.4.11.1.36}{\376\377\000D\000E\000F\000\137\000N\000A\000M\000E\000B\000U\000F}{subsection.4.11.1}% 267
\BOOKMARK [3][-]{subsubsection.4.11.1.37}{\376\377\000D\000I\000R\000\137\000A\000t\000t\000r}{subsection.4.11.1}% 268
\BOOKMARK [3][-]{subsubsection.4.11.1.38}{\376\377\000D\000I\000R\000\137\000C\000r\000t\000D\000a\000t\000e}{subsection.4.11.1}% 269
\BOOKMARK [3][-]{subsubsection.4.11.1.39}{\376\377\000D\000I\000R\000\137\000C\000r\000t\000T\000i\000m\000e}{subsection.4.11.1}% 270
\BOOKMARK [3][-]{subsubsection.4.11.1.40}{\376\377\000D\000I\000R\000\137\000C\000r\000t\000T\000i\000m\000e\000T\000e\000n\000t\000h}{subsection.4.11.1}% 271
\BOOKMARK [3][-]{subsubsection.4.11.1.41}{\376\377\000D\000I\000R\000\137\000F\000i\000l\000e\000S\000i\000z\000e}{subsection.4.11.1}% 272
\BOOKMARK [3][-]{subsubsection.4.11.1.42}{\376\377\000D\000I\000R\000\137\000F\000s\000t\000C\000l\000u\000s\000H\000I}{subsection.4.11.1}% 273
\BOOKMARK [3][-]{subsubsection.4.11.1.43}{\376\377\000D\000I\000R\000\137\000F\000s\000t\000C\000l\000u\000s\000L\000O}{subsection.4.11.1}% 274
\BOOKMARK [3][-]{subsubsection.4.11.1.44}{\376\377\000D\000I\000R\000\137\000L\000s\000t\000A\000c\000c\000D\000a\000t\000e}{subsection.4.11.1}% 275
\BOOKMARK [3][-]{subsubsection.4.11.1.45}{\376\377\000D\000I\000R\000\137\000N\000a\000m\000e}{subsection.4.11.1}% 276
\BOOKMARK [3][-]{subsubsection.4.11.1.46}{\376\377\000D\000I\000R\000\137\000N\000T\000r\000e\000s}{subsection.4.11.1}% 277
\BOOKMARK [3][-]{subsubsection.4.11.1.47}{\376\377\000D\000I\000R\000\137\000W\000r\000t\000D\000a\000t\000e}{subsection.4.11.1}% 278
\BOOKMARK [3][-]{subsubsection.4.11.1.48}{\376\377\000D\000I\000R\000\137\000W\000r\000t\000T\000i\000m\000e}{subsection.4.11.1}% 279
\BOOKMARK [3][-]{subsubsection.4.11.1.49}{\376\377\000E\000N\000T\000E\000R\000\137\000F\000F}{subsection.4.11.1}% 280
\BOOKMARK [3][-]{subsubsection.4.11.1.50}{\376\377\000F\000R\000E\000E\000\137\000B\000U\000F}{subsection.4.11.1}% 281
\BOOKMARK [3][-]{subsubsection.4.11.1.51}{\376\377\000F\000S\000I\000\137\000F\000r\000e\000e\000\137\000C\000o\000u\000n\000t}{subsection.4.11.1}% 282
\BOOKMARK [3][-]{subsubsection.4.11.1.52}{\376\377\000F\000S\000I\000\137\000L\000e\000a\000d\000S\000i\000g}{subsection.4.11.1}% 283
\BOOKMARK [3][-]{subsubsection.4.11.1.53}{\376\377\000F\000S\000I\000\137\000N\000x\000t\000\137\000F\000r\000e\000e}{subsection.4.11.1}% 284
\BOOKMARK [3][-]{subsubsection.4.11.1.54}{\376\377\000F\000S\000I\000\137\000S\000t\000r\000u\000c\000S\000i\000g}{subsection.4.11.1}% 285
\BOOKMARK [3][-]{subsubsection.4.11.1.55}{\376\377\000I\000N\000I\000T\000\137\000B\000U\000F}{subsection.4.11.1}% 286
\BOOKMARK [3][-]{subsubsection.4.11.1.56}{\376\377\000I\000s\000D\000B\000C\000S\0001}{subsection.4.11.1}% 287
\BOOKMARK [3][-]{subsubsection.4.11.1.57}{\376\377\000I\000s\000D\000B\000C\000S\0002}{subsection.4.11.1}% 288
\BOOKMARK [3][-]{subsubsection.4.11.1.58}{\376\377\000I\000s\000D\000i\000g\000i\000t}{subsection.4.11.1}% 289
\BOOKMARK [3][-]{subsubsection.4.11.1.59}{\376\377\000I\000s\000L\000o\000w\000e\000r}{subsection.4.11.1}% 290
\BOOKMARK [3][-]{subsubsection.4.11.1.60}{\376\377\000I\000s\000U\000p\000p\000e\000r}{subsection.4.11.1}% 291
\BOOKMARK [3][-]{subsubsection.4.11.1.61}{\376\377\000L\000D\000I\000R\000\137\000A\000t\000t\000r}{subsection.4.11.1}% 292
\BOOKMARK [3][-]{subsubsection.4.11.1.62}{\376\377\000L\000D\000I\000R\000\137\000C\000h\000k\000s\000u\000m}{subsection.4.11.1}% 293
\BOOKMARK [3][-]{subsubsection.4.11.1.63}{\376\377\000L\000D\000I\000R\000\137\000F\000s\000t\000C\000l\000u\000s\000L\000O}{subsection.4.11.1}% 294
\BOOKMARK [3][-]{subsubsection.4.11.1.64}{\376\377\000L\000D\000I\000R\000\137\000O\000r\000d}{subsection.4.11.1}% 295
\BOOKMARK [3][-]{subsubsection.4.11.1.65}{\376\377\000L\000D\000I\000R\000\137\000T\000y\000p\000e}{subsection.4.11.1}% 296
\BOOKMARK [3][-]{subsubsection.4.11.1.66}{\376\377\000L\000E\000A\000V\000E\000\137\000F\000F}{subsection.4.11.1}% 297
\BOOKMARK [3][-]{subsubsection.4.11.1.67}{\376\377\000L\000L\000E}{subsection.4.11.1}% 298
\BOOKMARK [3][-]{subsubsection.4.11.1.68}{\376\377\000M\000B\000R\000\137\000T\000a\000b\000l\000e}{subsection.4.11.1}% 299
\BOOKMARK [3][-]{subsubsection.4.11.1.69}{\376\377\000M\000I\000N\000\137\000F\000A\000T\0001\0006}{subsection.4.11.1}% 300
\BOOKMARK [3][-]{subsubsection.4.11.1.70}{\376\377\000M\000I\000N\000\137\000F\000A\000T\0003\0002}{subsection.4.11.1}% 301
\BOOKMARK [3][-]{subsubsection.4.11.1.71}{\376\377\000N\000D\000D\000E}{subsection.4.11.1}% 302
\BOOKMARK [3][-]{subsubsection.4.11.1.72}{\376\377\000N\000S}{subsection.4.11.1}% 303
\BOOKMARK [3][-]{subsubsection.4.11.1.73}{\376\377\000N\000S\000\137\000B\000O\000D\000Y}{subsection.4.11.1}% 304
\BOOKMARK [3][-]{subsubsection.4.11.1.74}{\376\377\000N\000S\000\137\000D\000O\000T}{subsection.4.11.1}% 305
\BOOKMARK [3][-]{subsubsection.4.11.1.75}{\376\377\000N\000S\000\137\000E\000X\000T}{subsection.4.11.1}% 306
\BOOKMARK [3][-]{subsubsection.4.11.1.76}{\376\377\000N\000S\000\137\000L\000A\000S\000T}{subsection.4.11.1}% 307
\BOOKMARK [3][-]{subsubsection.4.11.1.77}{\376\377\000N\000S\000\137\000L\000F\000N}{subsection.4.11.1}% 308
\BOOKMARK [3][-]{subsubsection.4.11.1.78}{\376\377\000N\000S\000\137\000L\000O\000S\000S}{subsection.4.11.1}% 309
\BOOKMARK [3][-]{subsubsection.4.11.1.79}{\376\377\000S\000S}{subsection.4.11.1}% 310
\BOOKMARK [3][-]{subsubsection.4.11.1.80}{\376\377\000S\000Z\000\137\000D\000I\000R}{subsection.4.11.1}% 311
\BOOKMARK [3][-]{subsubsection.4.11.1.81}{\376\377\000S\000Z\000\137\000P\000T\000E}{subsection.4.11.1}% 312
\BOOKMARK [2][-]{subsection.4.11.2}{\376\377\000F\000u\000n\000c\000t\000i\000o\000n\000\040\000D\000o\000c\000u\000m\000e\000n\000t\000a\000t\000i\000o\000n}{section.4.11}% 313
\BOOKMARK [3][-]{subsubsection.4.11.2.1}{\376\377\000c\000h\000e\000c\000k\000\137\000f\000s}{subsection.4.11.2}% 314
\BOOKMARK [3][-]{subsubsection.4.11.2.2}{\376\377\000c\000h\000k\000\137\000c\000h\000r}{subsection.4.11.2}% 315
\BOOKMARK [3][-]{subsubsection.4.11.2.3}{\376\377\000c\000h\000k\000\137\000m\000o\000u\000n\000t\000e\000d}{subsection.4.11.2}% 316
\BOOKMARK [3][-]{subsubsection.4.11.2.4}{\376\377\000c\000l\000u\000s\000t\0002\000s\000e\000c\000t}{subsection.4.11.2}% 317
\BOOKMARK [3][-]{subsubsection.4.11.2.5}{\376\377\000c\000r\000e\000a\000t\000e\000\137\000c\000h\000a\000i\000n}{subsection.4.11.2}% 318
\BOOKMARK [3][-]{subsubsection.4.11.2.6}{\376\377\000c\000r\000e\000a\000t\000e\000\137\000n\000a\000m\000e}{subsection.4.11.2}% 319
\BOOKMARK [3][-]{subsubsection.4.11.2.7}{\376\377\000d\000i\000r\000\137\000a\000l\000l\000o\000c}{subsection.4.11.2}% 320
\BOOKMARK [3][-]{subsubsection.4.11.2.8}{\376\377\000d\000i\000r\000\137\000f\000i\000n\000d}{subsection.4.11.2}% 321
\BOOKMARK [3][-]{subsubsection.4.11.2.9}{\376\377\000d\000i\000r\000\137\000n\000e\000x\000t}{subsection.4.11.2}% 322
\BOOKMARK [3][-]{subsubsection.4.11.2.10}{\376\377\000d\000i\000r\000\137\000r\000e\000a\000d}{subsection.4.11.2}% 323
\BOOKMARK [3][-]{subsubsection.4.11.2.11}{\376\377\000d\000i\000r\000\137\000r\000e\000g\000i\000s\000t\000e\000r}{subsection.4.11.2}% 324
\BOOKMARK [3][-]{subsubsection.4.11.2.12}{\376\377\000d\000i\000r\000\137\000s\000d\000i}{subsection.4.11.2}% 325
\BOOKMARK [3][-]{subsubsection.4.11.2.13}{\376\377\000f\000\137\000c\000l\000o\000s\000e}{subsection.4.11.2}% 326
\BOOKMARK [3][-]{subsubsection.4.11.2.14}{\376\377\000f\000\137\000g\000e\000t\000l\000a\000b\000e\000l}{subsection.4.11.2}% 327
\BOOKMARK [3][-]{subsubsection.4.11.2.15}{\376\377\000f\000\137\000l\000s\000e\000e\000k}{subsection.4.11.2}% 328
\BOOKMARK [3][-]{subsubsection.4.11.2.16}{\376\377\000f\000\137\000m\000o\000u\000n\000t}{subsection.4.11.2}% 329
\BOOKMARK [3][-]{subsubsection.4.11.2.17}{\376\377\000f\000\137\000o\000p\000e\000n}{subsection.4.11.2}% 330
\BOOKMARK [3][-]{subsubsection.4.11.2.18}{\376\377\000f\000\137\000r\000e\000a\000d}{subsection.4.11.2}% 331
\BOOKMARK [3][-]{subsubsection.4.11.2.19}{\376\377\000f\000\137\000s\000e\000t\000l\000a\000b\000e\000l}{subsection.4.11.2}% 332
\BOOKMARK [3][-]{subsubsection.4.11.2.20}{\376\377\000f\000\137\000s\000y\000n\000c}{subsection.4.11.2}% 333
\BOOKMARK [3][-]{subsubsection.4.11.2.21}{\376\377\000f\000\137\000w\000r\000i\000t\000e}{subsection.4.11.2}% 334
\BOOKMARK [3][-]{subsubsection.4.11.2.22}{\376\377\000f\000o\000l\000l\000o\000w\000\137\000p\000a\000t\000h}{subsection.4.11.2}% 335
\BOOKMARK [3][-]{subsubsection.4.11.2.23}{\376\377\000g\000e\000t\000\137\000f\000a\000t}{subsection.4.11.2}% 336
\BOOKMARK [3][-]{subsubsection.4.11.2.24}{\376\377\000l\000d\000\137\000c\000l\000u\000s\000t}{subsection.4.11.2}% 337
\BOOKMARK [3][-]{subsubsection.4.11.2.25}{\376\377\000m\000e\000m\000\137\000c\000m\000p}{subsection.4.11.2}% 338
\BOOKMARK [3][-]{subsubsection.4.11.2.26}{\376\377\000m\000e\000m\000\137\000c\000p\000y}{subsection.4.11.2}% 339
\BOOKMARK [3][-]{subsubsection.4.11.2.27}{\376\377\000m\000e\000m\000\137\000s\000e\000t}{subsection.4.11.2}% 340
\BOOKMARK [3][-]{subsubsection.4.11.2.28}{\376\377\000m\000o\000v\000e\000\137\000w\000i\000n\000d\000o\000w}{subsection.4.11.2}% 341
\BOOKMARK [3][-]{subsubsection.4.11.2.29}{\376\377\000p\000u\000t\000\137\000f\000a\000t}{subsection.4.11.2}% 342
\BOOKMARK [3][-]{subsubsection.4.11.2.30}{\376\377\000r\000e\000m\000o\000v\000e\000\137\000c\000h\000a\000i\000n}{subsection.4.11.2}% 343
\BOOKMARK [3][-]{subsubsection.4.11.2.31}{\376\377\000s\000t\000\137\000c\000l\000u\000s\000t}{subsection.4.11.2}% 344
\BOOKMARK [3][-]{subsubsection.4.11.2.32}{\376\377\000s\000y\000n\000c\000\137\000f\000s}{subsection.4.11.2}% 345
\BOOKMARK [3][-]{subsubsection.4.11.2.33}{\376\377\000s\000y\000n\000c\000\137\000w\000i\000n\000d\000o\000w}{subsection.4.11.2}% 346
\BOOKMARK [3][-]{subsubsection.4.11.2.34}{\376\377\000v\000a\000l\000i\000d\000a\000t\000e}{subsection.4.11.2}% 347
\BOOKMARK [2][-]{subsection.4.11.3}{\376\377\000V\000a\000r\000i\000a\000b\000l\000e\000\040\000D\000o\000c\000u\000m\000e\000n\000t\000a\000t\000i\000o\000n}{section.4.11}% 348
\BOOKMARK [3][-]{subsubsection.4.11.3.1}{\376\377\000E\000x\000C\000v\000t}{subsection.4.11.3}% 349
\BOOKMARK [3][-]{subsubsection.4.11.3.2}{\376\377\000F\000a\000t\000F\000s}{subsection.4.11.3}% 350
\BOOKMARK [3][-]{subsubsection.4.11.3.3}{\376\377\000F\000s\000i\000d}{subsection.4.11.3}% 351
\BOOKMARK [1][-]{section.4.12}{\376\377\000s\000d\000\137\000c\000a\000r\000d\000/\000f\000f\000.\000h\000\040\000F\000i\000l\000e\000\040\000R\000e\000f\000e\000r\000e\000n\000c\000e}{chapter.4}% 352
\BOOKMARK [2][-]{subsection.4.12.1}{\376\377\000M\000a\000c\000r\000o\000\040\000D\000e\000f\000i\000n\000i\000t\000i\000o\000n\000\040\000D\000o\000c\000u\000m\000e\000n\000t\000a\000t\000i\000o\000n}{section.4.12}% 353
\BOOKMARK [3][-]{subsubsection.4.12.1.1}{\376\377\000\137\000F\000A\000T\000F\000S}{subsection.4.12.1}% 354
\BOOKMARK [3][-]{subsubsection.4.12.1.2}{\376\377\000\137\000T}{subsection.4.12.1}% 355
\BOOKMARK [3][-]{subsubsection.4.12.1.3}{\376\377\000\137\000T\000E\000X\000T}{subsection.4.12.1}% 356
\BOOKMARK [3][-]{subsubsection.4.12.1.4}{\376\377\000A\000M\000\137\000A\000R\000C}{subsection.4.12.1}% 357
\BOOKMARK [3][-]{subsubsection.4.12.1.5}{\376\377\000A\000M\000\137\000D\000I\000R}{subsection.4.12.1}% 358
\BOOKMARK [3][-]{subsubsection.4.12.1.6}{\376\377\000A\000M\000\137\000H\000I\000D}{subsection.4.12.1}% 359
\BOOKMARK [3][-]{subsubsection.4.12.1.7}{\376\377\000A\000M\000\137\000L\000F\000N}{subsection.4.12.1}% 360
\BOOKMARK [3][-]{subsubsection.4.12.1.8}{\376\377\000A\000M\000\137\000M\000A\000S\000K}{subsection.4.12.1}% 361
\BOOKMARK [3][-]{subsubsection.4.12.1.9}{\376\377\000A\000M\000\137\000R\000D\000O}{subsection.4.12.1}% 362
\BOOKMARK [3][-]{subsubsection.4.12.1.10}{\376\377\000A\000M\000\137\000S\000Y\000S}{subsection.4.12.1}% 363
\BOOKMARK [3][-]{subsubsection.4.12.1.11}{\376\377\000A\000M\000\137\000V\000O\000L}{subsection.4.12.1}% 364
\BOOKMARK [3][-]{subsubsection.4.12.1.12}{\376\377\000C\000R\000E\000A\000T\000E\000\137\000L\000I\000N\000K\000M\000A\000P}{subsection.4.12.1}% 365
\BOOKMARK [3][-]{subsubsection.4.12.1.13}{\376\377\000E\000O\000F}{subsection.4.12.1}% 366
\BOOKMARK [3][-]{subsubsection.4.12.1.14}{\376\377\000f\000\137\000e\000o\000f}{subsection.4.12.1}% 367
\BOOKMARK [3][-]{subsubsection.4.12.1.15}{\376\377\000f\000\137\000e\000r\000r\000o\000r}{subsection.4.12.1}% 368
\BOOKMARK [3][-]{subsubsection.4.12.1.16}{\376\377\000f\000\137\000s\000i\000z\000e}{subsection.4.12.1}% 369
\BOOKMARK [3][-]{subsubsection.4.12.1.17}{\376\377\000f\000\137\000t\000e\000l\000l}{subsection.4.12.1}% 370
\BOOKMARK [3][-]{subsubsection.4.12.1.18}{\376\377\000F\000A\000\137\000\137\000D\000I\000R\000T\000Y}{subsection.4.12.1}% 371
\BOOKMARK [3][-]{subsubsection.4.12.1.19}{\376\377\000F\000A\000\137\000\137\000E\000R\000R\000O\000R}{subsection.4.12.1}% 372
\BOOKMARK [3][-]{subsubsection.4.12.1.20}{\376\377\000F\000A\000\137\000\137\000W\000R\000I\000T\000T\000E\000N}{subsection.4.12.1}% 373
\BOOKMARK [3][-]{subsubsection.4.12.1.21}{\376\377\000F\000A\000\137\000C\000R\000E\000A\000T\000E\000\137\000A\000L\000W\000A\000Y\000S}{subsection.4.12.1}% 374
\BOOKMARK [3][-]{subsubsection.4.12.1.22}{\376\377\000F\000A\000\137\000C\000R\000E\000A\000T\000E\000\137\000N\000E\000W}{subsection.4.12.1}% 375
\BOOKMARK [3][-]{subsubsection.4.12.1.23}{\376\377\000F\000A\000\137\000O\000P\000E\000N\000\137\000A\000L\000W\000A\000Y\000S}{subsection.4.12.1}% 376
\BOOKMARK [3][-]{subsubsection.4.12.1.24}{\376\377\000F\000A\000\137\000O\000P\000E\000N\000\137\000E\000X\000I\000S\000T\000I\000N\000G}{subsection.4.12.1}% 377
\BOOKMARK [3][-]{subsubsection.4.12.1.25}{\376\377\000F\000A\000\137\000R\000E\000A\000D}{subsection.4.12.1}% 378
\BOOKMARK [3][-]{subsubsection.4.12.1.26}{\376\377\000F\000A\000\137\000W\000R\000I\000T\000E}{subsection.4.12.1}% 379
\BOOKMARK [3][-]{subsubsection.4.12.1.27}{\376\377\000F\000S\000\137\000F\000A\000T\0001\0002}{subsection.4.12.1}% 380
\BOOKMARK [3][-]{subsubsection.4.12.1.28}{\376\377\000F\000S\000\137\000F\000A\000T\0001\0006}{subsection.4.12.1}% 381
\BOOKMARK [3][-]{subsubsection.4.12.1.29}{\376\377\000F\000S\000\137\000F\000A\000T\0003\0002}{subsection.4.12.1}% 382
\BOOKMARK [3][-]{subsubsection.4.12.1.30}{\376\377\000L\000D\0002\000P\000D}{subsection.4.12.1}% 383
\BOOKMARK [3][-]{subsubsection.4.12.1.31}{\376\377\000L\000D\0002\000P\000T}{subsection.4.12.1}% 384
\BOOKMARK [3][-]{subsubsection.4.12.1.32}{\376\377\000L\000D\000\137\000D\000W\000O\000R\000D}{subsection.4.12.1}% 385
\BOOKMARK [3][-]{subsubsection.4.12.1.33}{\376\377\000L\000D\000\137\000W\000O\000R\000D}{subsection.4.12.1}% 386
\BOOKMARK [3][-]{subsubsection.4.12.1.34}{\376\377\000S\000T\000\137\000D\000W\000O\000R\000D}{subsection.4.12.1}% 387
\BOOKMARK [3][-]{subsubsection.4.12.1.35}{\376\377\000S\000T\000\137\000W\000O\000R\000D}{subsection.4.12.1}% 388
\BOOKMARK [2][-]{subsection.4.12.2}{\376\377\000T\000y\000p\000e\000d\000e\000f\000\040\000D\000o\000c\000u\000m\000e\000n\000t\000a\000t\000i\000o\000n}{section.4.12}% 389
\BOOKMARK [3][-]{subsubsection.4.12.2.1}{\376\377\000T\000C\000H\000A\000R}{subsection.4.12.2}% 390
\BOOKMARK [2][-]{subsection.4.12.3}{\376\377\000E\000n\000u\000m\000e\000r\000a\000t\000i\000o\000n\000\040\000T\000y\000p\000e\000\040\000D\000o\000c\000u\000m\000e\000n\000t\000a\000t\000i\000o\000n}{section.4.12}% 391
\BOOKMARK [3][-]{subsubsection.4.12.3.1}{\376\377\000F\000R\000E\000S\000U\000L\000T}{subsection.4.12.3}% 392
\BOOKMARK [2][-]{subsection.4.12.4}{\376\377\000F\000u\000n\000c\000t\000i\000o\000n\000\040\000D\000o\000c\000u\000m\000e\000n\000t\000a\000t\000i\000o\000n}{section.4.12}% 393
\BOOKMARK [3][-]{subsubsection.4.12.4.1}{\376\377\000f\000\137\000c\000h\000d\000i\000r}{subsection.4.12.4}% 394
\BOOKMARK [3][-]{subsubsection.4.12.4.2}{\376\377\000f\000\137\000c\000h\000d\000r\000i\000v\000e}{subsection.4.12.4}% 395
\BOOKMARK [3][-]{subsubsection.4.12.4.3}{\376\377\000f\000\137\000c\000h\000m\000o\000d}{subsection.4.12.4}% 396
\BOOKMARK [3][-]{subsubsection.4.12.4.4}{\376\377\000f\000\137\000c\000l\000o\000s\000e}{subsection.4.12.4}% 397
\BOOKMARK [3][-]{subsubsection.4.12.4.5}{\376\377\000f\000\137\000f\000d\000i\000s\000k}{subsection.4.12.4}% 398
\BOOKMARK [3][-]{subsubsection.4.12.4.6}{\376\377\000f\000\137\000f\000o\000r\000w\000a\000r\000d}{subsection.4.12.4}% 399
\BOOKMARK [3][-]{subsubsection.4.12.4.7}{\376\377\000f\000\137\000g\000e\000t\000c\000w\000d}{subsection.4.12.4}% 400
\BOOKMARK [3][-]{subsubsection.4.12.4.8}{\376\377\000f\000\137\000g\000e\000t\000f\000r\000e\000e}{subsection.4.12.4}% 401
\BOOKMARK [3][-]{subsubsection.4.12.4.9}{\376\377\000f\000\137\000g\000e\000t\000l\000a\000b\000e\000l}{subsection.4.12.4}% 402
\BOOKMARK [3][-]{subsubsection.4.12.4.10}{\376\377\000f\000\137\000g\000e\000t\000s}{subsection.4.12.4}% 403
\BOOKMARK [3][-]{subsubsection.4.12.4.11}{\376\377\000f\000\137\000l\000s\000e\000e\000k}{subsection.4.12.4}% 404
\BOOKMARK [3][-]{subsubsection.4.12.4.12}{\376\377\000f\000\137\000m\000k\000d\000i\000r}{subsection.4.12.4}% 405
\BOOKMARK [3][-]{subsubsection.4.12.4.13}{\376\377\000f\000\137\000m\000k\000f\000s}{subsection.4.12.4}% 406
\BOOKMARK [3][-]{subsubsection.4.12.4.14}{\376\377\000f\000\137\000m\000o\000u\000n\000t}{subsection.4.12.4}% 407
\BOOKMARK [3][-]{subsubsection.4.12.4.15}{\376\377\000f\000\137\000o\000p\000e\000n}{subsection.4.12.4}% 408
\BOOKMARK [3][-]{subsubsection.4.12.4.16}{\376\377\000f\000\137\000o\000p\000e\000n\000d\000i\000r}{subsection.4.12.4}% 409
\BOOKMARK [3][-]{subsubsection.4.12.4.17}{\376\377\000f\000\137\000p\000r\000i\000n\000t\000f}{subsection.4.12.4}% 410
\BOOKMARK [3][-]{subsubsection.4.12.4.18}{\376\377\000f\000\137\000p\000u\000t\000c}{subsection.4.12.4}% 411
\BOOKMARK [3][-]{subsubsection.4.12.4.19}{\376\377\000f\000\137\000p\000u\000t\000s}{subsection.4.12.4}% 412
\BOOKMARK [3][-]{subsubsection.4.12.4.20}{\376\377\000f\000\137\000r\000e\000a\000d}{subsection.4.12.4}% 413
\BOOKMARK [3][-]{subsubsection.4.12.4.21}{\376\377\000f\000\137\000r\000e\000a\000d\000d\000i\000r}{subsection.4.12.4}% 414
\BOOKMARK [3][-]{subsubsection.4.12.4.22}{\376\377\000f\000\137\000r\000e\000n\000a\000m\000e}{subsection.4.12.4}% 415
\BOOKMARK [3][-]{subsubsection.4.12.4.23}{\376\377\000f\000\137\000s\000e\000t\000l\000a\000b\000e\000l}{subsection.4.12.4}% 416
\BOOKMARK [3][-]{subsubsection.4.12.4.24}{\376\377\000f\000\137\000s\000t\000a\000t}{subsection.4.12.4}% 417
\BOOKMARK [3][-]{subsubsection.4.12.4.25}{\376\377\000f\000\137\000s\000y\000n\000c}{subsection.4.12.4}% 418
\BOOKMARK [3][-]{subsubsection.4.12.4.26}{\376\377\000f\000\137\000t\000r\000u\000n\000c\000a\000t\000e}{subsection.4.12.4}% 419
\BOOKMARK [3][-]{subsubsection.4.12.4.27}{\376\377\000f\000\137\000u\000n\000l\000i\000n\000k}{subsection.4.12.4}% 420
\BOOKMARK [3][-]{subsubsection.4.12.4.28}{\376\377\000f\000\137\000u\000t\000i\000m\000e}{subsection.4.12.4}% 421
\BOOKMARK [3][-]{subsubsection.4.12.4.29}{\376\377\000f\000\137\000w\000r\000i\000t\000e}{subsection.4.12.4}% 422
\BOOKMARK [3][-]{subsubsection.4.12.4.30}{\376\377\000g\000e\000t\000\137\000f\000a\000t\000t\000i\000m\000e}{subsection.4.12.4}% 423
\BOOKMARK [1][-]{section.4.13}{\376\377\000s\000d\000\137\000c\000a\000r\000d\000/\000f\000f\000c\000o\000n\000f\000.\000h\000\040\000F\000i\000l\000e\000\040\000R\000e\000f\000e\000r\000e\000n\000c\000e}{chapter.4}% 424
\BOOKMARK [2][-]{subsection.4.13.1}{\376\377\000M\000a\000c\000r\000o\000\040\000D\000e\000f\000i\000n\000i\000t\000i\000o\000n\000\040\000D\000o\000c\000u\000m\000e\000n\000t\000a\000t\000i\000o\000n}{section.4.13}% 425
\BOOKMARK [3][-]{subsubsection.4.13.1.1}{\376\377\000\137\000C\000O\000D\000E\000\137\000P\000A\000G\000E}{subsection.4.13.1}% 426
\BOOKMARK [3][-]{subsubsection.4.13.1.2}{\376\377\000\137\000F\000F\000C\000O\000N\000F}{subsection.4.13.1}% 427
\BOOKMARK [3][-]{subsubsection.4.13.1.3}{\376\377\000\137\000F\000S\000\137\000L\000O\000C\000K}{subsection.4.13.1}% 428
\BOOKMARK [3][-]{subsubsection.4.13.1.4}{\376\377\000\137\000F\000S\000\137\000M\000I\000N\000I\000M\000I\000Z\000E}{subsection.4.13.1}% 429
\BOOKMARK [3][-]{subsubsection.4.13.1.5}{\376\377\000\137\000F\000S\000\137\000R\000E\000A\000D\000O\000N\000L\000Y}{subsection.4.13.1}% 430
\BOOKMARK [3][-]{subsubsection.4.13.1.6}{\376\377\000\137\000F\000S\000\137\000R\000E\000E\000N\000T\000R\000A\000N\000T}{subsection.4.13.1}% 431
\BOOKMARK [3][-]{subsubsection.4.13.1.7}{\376\377\000\137\000F\000S\000\137\000R\000P\000A\000T\000H}{subsection.4.13.1}% 432
\BOOKMARK [3][-]{subsubsection.4.13.1.8}{\376\377\000\137\000F\000S\000\137\000T\000I\000M\000E\000O\000U\000T}{subsection.4.13.1}% 433
\BOOKMARK [3][-]{subsubsection.4.13.1.9}{\376\377\000\137\000F\000S\000\137\000T\000I\000N\000Y}{subsection.4.13.1}% 434
\BOOKMARK [3][-]{subsubsection.4.13.1.10}{\376\377\000\137\000L\000F\000N\000\137\000U\000N\000I\000C\000O\000D\000E}{subsection.4.13.1}% 435
\BOOKMARK [3][-]{subsubsection.4.13.1.11}{\376\377\000\137\000M\000A\000X\000\137\000L\000F\000N}{subsection.4.13.1}% 436
\BOOKMARK [3][-]{subsubsection.4.13.1.12}{\376\377\000\137\000M\000A\000X\000\137\000S\000S}{subsection.4.13.1}% 437
\BOOKMARK [3][-]{subsubsection.4.13.1.13}{\376\377\000\137\000M\000U\000L\000T\000I\000\137\000P\000A\000R\000T\000I\000T\000I\000O\000N}{subsection.4.13.1}% 438
\BOOKMARK [3][-]{subsubsection.4.13.1.14}{\376\377\000\137\000S\000Y\000N\000C\000\137\000t}{subsection.4.13.1}% 439
\BOOKMARK [3][-]{subsubsection.4.13.1.15}{\376\377\000\137\000U\000S\000E\000\137\000E\000R\000A\000S\000E}{subsection.4.13.1}% 440
\BOOKMARK [3][-]{subsubsection.4.13.1.16}{\376\377\000\137\000U\000S\000E\000\137\000F\000A\000S\000T\000S\000E\000E\000K}{subsection.4.13.1}% 441
\BOOKMARK [3][-]{subsubsection.4.13.1.17}{\376\377\000\137\000U\000S\000E\000\137\000F\000O\000R\000W\000A\000R\000D}{subsection.4.13.1}% 442
\BOOKMARK [3][-]{subsubsection.4.13.1.18}{\376\377\000\137\000U\000S\000E\000\137\000L\000A\000B\000E\000L}{subsection.4.13.1}% 443
\BOOKMARK [3][-]{subsubsection.4.13.1.19}{\376\377\000\137\000U\000S\000E\000\137\000L\000F\000N}{subsection.4.13.1}% 444
\BOOKMARK [3][-]{subsubsection.4.13.1.20}{\376\377\000\137\000U\000S\000E\000\137\000M\000K\000F\000S}{subsection.4.13.1}% 445
\BOOKMARK [3][-]{subsubsection.4.13.1.21}{\376\377\000\137\000U\000S\000E\000\137\000S\000T\000R\000F\000U\000N\000C}{subsection.4.13.1}% 446
\BOOKMARK [3][-]{subsubsection.4.13.1.22}{\376\377\000\137\000V\000O\000L\000U\000M\000E\000S}{subsection.4.13.1}% 447
\BOOKMARK [3][-]{subsubsection.4.13.1.23}{\376\377\000\137\000W\000O\000R\000D\000\137\000A\000C\000C\000E\000S\000S}{subsection.4.13.1}% 448
\BOOKMARK [1][-]{section.4.14}{\376\377\000s\000d\000\137\000c\000a\000r\000d\000/\000i\000n\000t\000e\000g\000e\000r\000.\000h\000\040\000F\000i\000l\000e\000\040\000R\000e\000f\000e\000r\000e\000n\000c\000e}{chapter.4}% 449
\BOOKMARK [2][-]{subsection.4.14.1}{\376\377\000T\000y\000p\000e\000d\000e\000f\000\040\000D\000o\000c\000u\000m\000e\000n\000t\000a\000t\000i\000o\000n}{section.4.14}% 450
\BOOKMARK [3][-]{subsubsection.4.14.1.1}{\376\377\000B\000Y\000T\000E}{subsection.4.14.1}% 451
\BOOKMARK [3][-]{subsubsection.4.14.1.2}{\376\377\000C\000H\000A\000R}{subsection.4.14.1}% 452
\BOOKMARK [3][-]{subsubsection.4.14.1.3}{\376\377\000D\000W\000O\000R\000D}{subsection.4.14.1}% 453
\BOOKMARK [3][-]{subsubsection.4.14.1.4}{\376\377\000I\000N\000T}{subsection.4.14.1}% 454
\BOOKMARK [3][-]{subsubsection.4.14.1.5}{\376\377\000L\000O\000N\000G}{subsection.4.14.1}% 455
\BOOKMARK [3][-]{subsubsection.4.14.1.6}{\376\377\000S\000H\000O\000R\000T}{subsection.4.14.1}% 456
\BOOKMARK [3][-]{subsubsection.4.14.1.7}{\376\377\000U\000C\000H\000A\000R}{subsection.4.14.1}% 457
\BOOKMARK [3][-]{subsubsection.4.14.1.8}{\376\377\000U\000I\000N\000T}{subsection.4.14.1}% 458
\BOOKMARK [3][-]{subsubsection.4.14.1.9}{\376\377\000U\000L\000O\000N\000G}{subsection.4.14.1}% 459
\BOOKMARK [3][-]{subsubsection.4.14.1.10}{\376\377\000U\000S\000H\000O\000R\000T}{subsection.4.14.1}% 460
\BOOKMARK [3][-]{subsubsection.4.14.1.11}{\376\377\000W\000C\000H\000A\000R}{subsection.4.14.1}% 461
\BOOKMARK [3][-]{subsubsection.4.14.1.12}{\376\377\000W\000O\000R\000D}{subsection.4.14.1}% 462
\BOOKMARK [1][-]{section.4.15}{\376\377\000s\000d\000\137\000c\000a\000r\000d\000/\000s\000d\000m\000m\000.\000c\000\040\000F\000i\000l\000e\000\040\000R\000e\000f\000e\000r\000e\000n\000c\000e}{chapter.4}% 463
\BOOKMARK [2][-]{subsection.4.15.1}{\376\377\000M\000a\000c\000r\000o\000\040\000D\000e\000f\000i\000n\000i\000t\000i\000o\000n\000\040\000D\000o\000c\000u\000m\000e\000n\000t\000a\000t\000i\000o\000n}{section.4.15}% 464
\BOOKMARK [3][-]{subsubsection.4.15.1.1}{\376\377\000A\000C\000M\000D\0001\0003}{subsection.4.15.1}% 465
\BOOKMARK [3][-]{subsubsection.4.15.1.2}{\376\377\000A\000C\000M\000D\0002\0003}{subsection.4.15.1}% 466
\BOOKMARK [3][-]{subsubsection.4.15.1.3}{\376\377\000A\000C\000M\000D\0004\0001}{subsection.4.15.1}% 467
\BOOKMARK [3][-]{subsubsection.4.15.1.4}{\376\377\000C\000K\000\137\000D\000Q}{subsection.4.15.1}% 468
\BOOKMARK [3][-]{subsubsection.4.15.1.5}{\376\377\000C\000K\000\137\000H}{subsection.4.15.1}% 469
\BOOKMARK [3][-]{subsubsection.4.15.1.6}{\376\377\000C\000K\000\137\000I\000N\000I\000T}{subsection.4.15.1}% 470
\BOOKMARK [3][-]{subsubsection.4.15.1.7}{\376\377\000C\000K\000\137\000L}{subsection.4.15.1}% 471
\BOOKMARK [3][-]{subsubsection.4.15.1.8}{\376\377\000C\000M\000D\0000}{subsection.4.15.1}% 472
\BOOKMARK [3][-]{subsubsection.4.15.1.9}{\376\377\000C\000M\000D\0001}{subsection.4.15.1}% 473
\BOOKMARK [3][-]{subsubsection.4.15.1.10}{\376\377\000C\000M\000D\0001\0000}{subsection.4.15.1}% 474
\BOOKMARK [3][-]{subsubsection.4.15.1.11}{\376\377\000C\000M\000D\0001\0002}{subsection.4.15.1}% 475
\BOOKMARK [3][-]{subsubsection.4.15.1.12}{\376\377\000C\000M\000D\0001\0003}{subsection.4.15.1}% 476
\BOOKMARK [3][-]{subsubsection.4.15.1.13}{\376\377\000C\000M\000D\0001\0006}{subsection.4.15.1}% 477
\BOOKMARK [3][-]{subsubsection.4.15.1.14}{\376\377\000C\000M\000D\0001\0007}{subsection.4.15.1}% 478
\BOOKMARK [3][-]{subsubsection.4.15.1.15}{\376\377\000C\000M\000D\0001\0008}{subsection.4.15.1}% 479
\BOOKMARK [3][-]{subsubsection.4.15.1.16}{\376\377\000C\000M\000D\0002\0003}{subsection.4.15.1}% 480
\BOOKMARK [3][-]{subsubsection.4.15.1.17}{\376\377\000C\000M\000D\0002\0004}{subsection.4.15.1}% 481
\BOOKMARK [3][-]{subsubsection.4.15.1.18}{\376\377\000C\000M\000D\0002\0005}{subsection.4.15.1}% 482
\BOOKMARK [3][-]{subsubsection.4.15.1.19}{\376\377\000C\000M\000D\0003\0002}{subsection.4.15.1}% 483
\BOOKMARK [3][-]{subsubsection.4.15.1.20}{\376\377\000C\000M\000D\0003\0003}{subsection.4.15.1}% 484
\BOOKMARK [3][-]{subsubsection.4.15.1.21}{\376\377\000C\000M\000D\0003\0008}{subsection.4.15.1}% 485
\BOOKMARK [3][-]{subsubsection.4.15.1.22}{\376\377\000C\000M\000D\0005\0005}{subsection.4.15.1}% 486
\BOOKMARK [3][-]{subsubsection.4.15.1.23}{\376\377\000C\000M\000D\0005\0008}{subsection.4.15.1}% 487
\BOOKMARK [3][-]{subsubsection.4.15.1.24}{\376\377\000C\000M\000D\0008}{subsection.4.15.1}% 488
\BOOKMARK [3][-]{subsubsection.4.15.1.25}{\376\377\000C\000M\000D\0009}{subsection.4.15.1}% 489
\BOOKMARK [3][-]{subsubsection.4.15.1.26}{\376\377\000C\000S\000\137\000D\000Q}{subsection.4.15.1}% 490
\BOOKMARK [3][-]{subsubsection.4.15.1.27}{\376\377\000C\000S\000\137\000H}{subsection.4.15.1}% 491
\BOOKMARK [3][-]{subsubsection.4.15.1.28}{\376\377\000C\000S\000\137\000I\000N\000I\000T}{subsection.4.15.1}% 492
\BOOKMARK [3][-]{subsubsection.4.15.1.29}{\376\377\000C\000S\000\137\000L}{subsection.4.15.1}% 493
\BOOKMARK [3][-]{subsubsection.4.15.1.30}{\376\377\000D\000I\000\137\000D\000Q}{subsection.4.15.1}% 494
\BOOKMARK [3][-]{subsubsection.4.15.1.31}{\376\377\000D\000I\000\137\000H}{subsection.4.15.1}% 495
\BOOKMARK [3][-]{subsubsection.4.15.1.32}{\376\377\000D\000I\000\137\000I\000N\000I\000T}{subsection.4.15.1}% 496
\BOOKMARK [3][-]{subsubsection.4.15.1.33}{\376\377\000D\000I\000\137\000L}{subsection.4.15.1}% 497
\BOOKMARK [3][-]{subsubsection.4.15.1.34}{\376\377\000D\000O}{subsection.4.15.1}% 498
\BOOKMARK [3][-]{subsubsection.4.15.1.35}{\376\377\000D\000O\000\137\000D\000Q}{subsection.4.15.1}% 499
\BOOKMARK [3][-]{subsubsection.4.15.1.36}{\376\377\000D\000O\000\137\000I\000N\000I\000T}{subsection.4.15.1}% 500
\BOOKMARK [3][-]{subsubsection.4.15.1.37}{\376\377\000S\000D\000\137\000C\000O\000M\000\137\000P\000O\000R\000T}{subsection.4.15.1}% 501
\BOOKMARK [2][-]{subsection.4.15.2}{\376\377\000F\000u\000n\000c\000t\000i\000o\000n\000\040\000D\000o\000c\000u\000m\000e\000n\000t\000a\000t\000i\000o\000n}{section.4.15}% 502
\BOOKMARK [3][-]{subsubsection.4.15.2.1}{\376\377\000d\000e\000s\000e\000l\000e\000c\000t}{subsection.4.15.2}% 503
\BOOKMARK [3][-]{subsubsection.4.15.2.2}{\376\377\000d\000i\000s\000k\000\137\000i\000n\000i\000t\000i\000a\000l\000i\000z\000e}{subsection.4.15.2}% 504
\BOOKMARK [3][-]{subsubsection.4.15.2.3}{\376\377\000d\000i\000s\000k\000\137\000i\000o\000c\000t\000l}{subsection.4.15.2}% 505
\BOOKMARK [3][-]{subsubsection.4.15.2.4}{\376\377\000d\000i\000s\000k\000\137\000r\000e\000a\000d}{subsection.4.15.2}% 506
\BOOKMARK [3][-]{subsubsection.4.15.2.5}{\376\377\000d\000i\000s\000k\000\137\000s\000t\000a\000t\000u\000s}{subsection.4.15.2}% 507
\BOOKMARK [3][-]{subsubsection.4.15.2.6}{\376\377\000d\000i\000s\000k\000\137\000w\000r\000i\000t\000e}{subsection.4.15.2}% 508
\BOOKMARK [3][-]{subsubsection.4.15.2.7}{\376\377\000d\000l\000y\000\137\000u\000s}{subsection.4.15.2}% 509
\BOOKMARK [3][-]{subsubsection.4.15.2.8}{\376\377\000r\000c\000v\000r\000\137\000d\000a\000t\000a\000b\000l\000o\000c\000k}{subsection.4.15.2}% 510
\BOOKMARK [3][-]{subsubsection.4.15.2.9}{\376\377\000r\000c\000v\000r\000\137\000m\000m\000c}{subsection.4.15.2}% 511
\BOOKMARK [3][-]{subsubsection.4.15.2.10}{\376\377\000s\000e\000l\000e\000c\000t}{subsection.4.15.2}% 512
\BOOKMARK [3][-]{subsubsection.4.15.2.11}{\376\377\000s\000e\000n\000d\000\137\000c\000m\000d}{subsection.4.15.2}% 513
\BOOKMARK [3][-]{subsubsection.4.15.2.12}{\376\377\000w\000a\000i\000t\000\137\000r\000e\000a\000d\000y}{subsection.4.15.2}% 514
\BOOKMARK [3][-]{subsubsection.4.15.2.13}{\376\377\000x\000m\000i\000t\000\137\000d\000a\000t\000a\000b\000l\000o\000c\000k}{subsection.4.15.2}% 515
\BOOKMARK [3][-]{subsubsection.4.15.2.14}{\376\377\000x\000m\000i\000t\000\137\000m\000m\000c}{subsection.4.15.2}% 516
\BOOKMARK [2][-]{subsection.4.15.3}{\376\377\000V\000a\000r\000i\000a\000b\000l\000e\000\040\000D\000o\000c\000u\000m\000e\000n\000t\000a\000t\000i\000o\000n}{section.4.15}% 517
\BOOKMARK [3][-]{subsubsection.4.15.3.1}{\376\377\000C\000a\000r\000d\000T\000y\000p\000e}{subsection.4.15.3}% 518
\BOOKMARK [3][-]{subsubsection.4.15.3.2}{\376\377\000S\000t\000a\000t}{subsection.4.15.3}% 519
\BOOKMARK [1][-]{section.4.16}{\376\377\000s\000d\000\137\000c\000a\000r\000d\000/\000t\000i\000m\000e\000o\000u\000t\000.\000h\000\040\000F\000i\000l\000e\000\040\000R\000e\000f\000e\000r\000e\000n\000c\000e}{chapter.4}% 520
\BOOKMARK [2][-]{subsection.4.16.1}{\376\377\000M\000a\000c\000r\000o\000\040\000D\000e\000f\000i\000n\000i\000t\000i\000o\000n\000\040\000D\000o\000c\000u\000m\000e\000n\000t\000a\000t\000i\000o\000n}{section.4.16}% 521
\BOOKMARK [3][-]{subsubsection.4.16.1.1}{\376\377\000F\000\137\000C\000P\000U}{subsection.4.16.1}% 522
\BOOKMARK [1][-]{section.4.17}{\376\377\000w\000a\000v\000e\000g\000e\000n\000/\000w\000a\000v\000e\000g\000e\000n\000.\000c\000\040\000F\000i\000l\000e\000\040\000R\000e\000f\000e\000r\000e\000n\000c\000e}{chapter.4}% 523
\BOOKMARK [2][-]{subsection.4.17.1}{\376\377\000F\000u\000n\000c\000t\000i\000o\000n\000\040\000D\000o\000c\000u\000m\000e\000n\000t\000a\000t\000i\000o\000n}{section.4.17}% 524
\BOOKMARK [3][-]{subsubsection.4.17.1.1}{\376\377\000I\000S\000R}{subsection.4.17.1}% 525
\BOOKMARK [3][-]{subsubsection.4.17.1.2}{\376\377\000I\000S\000R}{subsection.4.17.1}% 526
\BOOKMARK [3][-]{subsubsection.4.17.1.3}{\376\377\000w\000a\000v\000e\000g\000e\000n\000\137\000c\000l\000o\000c\000k\000\137\000i\000n\000i\000t}{subsection.4.17.1}% 527
\BOOKMARK [3][-]{subsubsection.4.17.1.4}{\376\377\000w\000a\000v\000e\000g\000e\000n\000\137\000d\000i\000s\000a\000b\000l\000e\000S\000o\000u\000n\000d}{subsection.4.17.1}% 528
\BOOKMARK [3][-]{subsubsection.4.17.1.5}{\376\377\000w\000a\000v\000e\000g\000e\000n\000\137\000n\000o\000i\000s\000e\000W\000a\000v\000e}{subsection.4.17.1}% 529
\BOOKMARK [3][-]{subsubsection.4.17.1.6}{\376\377\000w\000a\000v\000e\000g\000e\000n\000\137\000p\000w\000m\000I\000n\000i\000t}{subsection.4.17.1}% 530
\BOOKMARK [3][-]{subsubsection.4.17.1.7}{\376\377\000w\000a\000v\000e\000g\000e\000n\000\137\000p\000w\000m\000S\000e\000t}{subsection.4.17.1}% 531
\BOOKMARK [3][-]{subsubsection.4.17.1.8}{\376\377\000w\000a\000v\000e\000g\000e\000n\000\137\000s\000e\000t\000F\000r\000e\000q\000u\000e\000n\000c\000y}{subsection.4.17.1}% 532
\BOOKMARK [3][-]{subsubsection.4.17.1.9}{\376\377\000w\000a\000v\000e\000g\000e\000n\000\137\000s\000e\000t\000F\000r\000e\000q\000u\000e\000n\000c\000y\0002}{subsection.4.17.1}% 533
\BOOKMARK [3][-]{subsubsection.4.17.1.10}{\376\377\000w\000a\000v\000e\000g\000e\000n\000\137\000s\000e\000t\000S\000o\000u\000n\000d}{subsection.4.17.1}% 534
\BOOKMARK [3][-]{subsubsection.4.17.1.11}{\376\377\000w\000a\000v\000e\000g\000e\000n\000\137\000s\000i\000n\000e\000W\000a\000v\000e}{subsection.4.17.1}% 535
\BOOKMARK [2][-]{subsection.4.17.2}{\376\377\000V\000a\000r\000i\000a\000b\000l\000e\000\040\000D\000o\000c\000u\000m\000e\000n\000t\000a\000t\000i\000o\000n}{section.4.17}% 536
\BOOKMARK [3][-]{subsubsection.4.17.2.1}{\376\377\000c\000u\000r\000r\000e\000n\000t\000V\000o\000i\000c\000e}{subsection.4.17.2}% 537
\BOOKMARK [3][-]{subsubsection.4.17.2.2}{\376\377\000f\000r\000e\000q\000u\000e\000n\000c\000y\000C\000o\000e\000f}{subsection.4.17.2}% 538
\BOOKMARK [3][-]{subsubsection.4.17.2.3}{\376\377\000f\000r\000e\000q\000u\000e\000n\000c\000y\000C\000o\000e\000f\0002}{subsection.4.17.2}% 539
\BOOKMARK [3][-]{subsubsection.4.17.2.4}{\376\377\000P\000R\000O\000G\000M\000E\000M}{subsection.4.17.2}% 540
\BOOKMARK [3][-]{subsubsection.4.17.2.5}{\376\377\000s\000o\000u\000n\000d\0001\000E\000n\000a\000b\000l\000e\000d}{subsection.4.17.2}% 541
\BOOKMARK [3][-]{subsubsection.4.17.2.6}{\376\377\000s\000o\000u\000n\000d\0002\000E\000n\000a\000b\000l\000e\000d}{subsection.4.17.2}% 542
\BOOKMARK [3][-]{subsubsection.4.17.2.7}{\376\377\000s\000o\000u\000n\000d\0003\000E\000n\000a\000b\000l\000e\000d}{subsection.4.17.2}% 543
\BOOKMARK [3][-]{subsubsection.4.17.2.8}{\376\377\000s\000o\000u\000n\000d\000P\000W\000M}{subsection.4.17.2}% 544
\BOOKMARK [3][-]{subsubsection.4.17.2.9}{\376\377\000w\000a\000v\000e\000t\000a\000b\000l\000e}{subsection.4.17.2}% 545
\BOOKMARK [3][-]{subsubsection.4.17.2.10}{\376\377\000w\000a\000v\000e\000t\000a\000b\000l\000e\0002}{subsection.4.17.2}% 546
\BOOKMARK [3][-]{subsubsection.4.17.2.11}{\376\377\000w\000a\000v\000e\000t\000a\000b\000l\000e\0003}{subsection.4.17.2}% 547
\BOOKMARK [1][-]{section.4.18}{\376\377\000w\000a\000v\000e\000g\000e\000n\000/\000w\000a\000v\000e\000g\000e\000n\000.\000h\000\040\000F\000i\000l\000e\000\040\000R\000e\000f\000e\000r\000e\000n\000c\000e}{chapter.4}% 548
\BOOKMARK [2][-]{subsection.4.18.1}{\376\377\000M\000a\000c\000r\000o\000\040\000D\000e\000f\000i\000n\000i\000t\000i\000o\000n\000\040\000D\000o\000c\000u\000m\000e\000n\000t\000a\000t\000i\000o\000n}{section.4.18}% 549
\BOOKMARK [3][-]{subsubsection.4.18.1.1}{\376\377\000F\000I\000N\000T}{subsection.4.18.1}% 550
\BOOKMARK [3][-]{subsubsection.4.18.1.2}{\376\377\000F\000S}{subsection.4.18.1}% 551
\BOOKMARK [3][-]{subsubsection.4.18.1.3}{\376\377\000I\000N\000T\000E\000R\000R\000U\000P\000T\000\137\000P\000E\000R\000I\000O\000D}{subsection.4.18.1}% 552
\BOOKMARK [2][-]{subsection.4.18.2}{\376\377\000F\000u\000n\000c\000t\000i\000o\000n\000\040\000D\000o\000c\000u\000m\000e\000n\000t\000a\000t\000i\000o\000n}{section.4.18}% 553
\BOOKMARK [3][-]{subsubsection.4.18.2.1}{\376\377\000w\000a\000v\000e\000g\000e\000n\000\137\000c\000l\000o\000c\000k\000\137\000i\000n\000i\000t}{subsection.4.18.2}% 554
\BOOKMARK [3][-]{subsubsection.4.18.2.2}{\376\377\000w\000a\000v\000e\000g\000e\000n\000\137\000d\000i\000s\000a\000b\000l\000e\000S\000o\000u\000n\000d}{subsection.4.18.2}% 555
\BOOKMARK [3][-]{subsubsection.4.18.2.3}{\376\377\000w\000a\000v\000e\000g\000e\000n\000\137\000n\000o\000i\000s\000e\000W\000a\000v\000e}{subsection.4.18.2}% 556
\BOOKMARK [3][-]{subsubsection.4.18.2.4}{\376\377\000w\000a\000v\000e\000g\000e\000n\000\137\000p\000w\000m\000I\000n\000i\000t}{subsection.4.18.2}% 557
\BOOKMARK [3][-]{subsubsection.4.18.2.5}{\376\377\000w\000a\000v\000e\000g\000e\000n\000\137\000p\000w\000m\000S\000e\000t}{subsection.4.18.2}% 558
\BOOKMARK [3][-]{subsubsection.4.18.2.6}{\376\377\000w\000a\000v\000e\000g\000e\000n\000\137\000s\000e\000t\000F\000r\000e\000q\000u\000e\000n\000c\000y}{subsection.4.18.2}% 559
\BOOKMARK [3][-]{subsubsection.4.18.2.7}{\376\377\000w\000a\000v\000e\000g\000e\000n\000\137\000s\000e\000t\000F\000r\000e\000q\000u\000e\000n\000c\000y\0002}{subsection.4.18.2}% 560
\BOOKMARK [3][-]{subsubsection.4.18.2.8}{\376\377\000w\000a\000v\000e\000g\000e\000n\000\137\000s\000e\000t\000S\000o\000u\000n\000d}{subsection.4.18.2}% 561
\BOOKMARK [3][-]{subsubsection.4.18.2.9}{\376\377\000w\000a\000v\000e\000g\000e\000n\000\137\000s\000i\000n\000e\000W\000a\000v\000e}{subsection.4.18.2}% 562
\BOOKMARK [0][-]{section*.45}{\376\377\000I\000n\000d\000e\000x}{}% 563
